{"timestamp":"2026-05-02T08:33:13.854+0000","rule":{"level":4,"description":"Summary event of the report's signatures.","id":"60608","firedtimes":7,"mail":false,"groups":["windows","windows_application"]},"agent":{"id":"002","name":"WINDOWS-AGENT","ip":"172.20.10.2"},"manager":{"name":"wale"},"id":"1777710793.134491","decoder":{"name":"windows_eventchannel"},"data":{"win":{"system":{"providerName":"Windows Error Reporting","providerGuid":"{0ead09bd-2157-539a-8d6d-c87f95b64d70}","eventID":"1001","version":"0","level":"4","task":"0","opcode":"0","keywords":"0x8000000000000000","systemTime":"2026-05-02T08:28:48.3300769Z","eventRecordID":"1528","processID":"15812","threadID":"25952","channel":"Application","computer":"Null","severityValue":"INFORMATION","message":"\"Fault bucket , type 0\r\nEvent Name: LiveKernelEvent\r\nResponse: Not available\r\nCab Id: 0\r\n\r\nProblem signature:\r\nP1: 15f\r\nP2: 2\r\nP3: ffffd38fd9c0e6d0\r\nP4: ffffffff\r\nP5: ffffd38fcebd1aa0\r\nP6: 10_0_26200\r\nP7: 0_0\r\nP8: 256_1\r\nP9: \r\nP10: \r\n\r\nAttached files:\r\n\\\\?\\C:\\WINDOWS\\LiveKernelReports\\DripsWatchdog\\DripsWatchdog-20260428-1629.dmp\r\n\\\\?\\C:\\WINDOWS\\SystemTemp\\WER-189003671-0.sysdata.xml\r\n\\\\?\\C:\\WINDOWS\\LiveKernelReports\\DripsWatchdog-20260428-1629.dmp\r\n\\\\?\\C:\\ProgramData\\Microsoft\\Windows\\WER\\Temp\\WER.8beac715-62d6-4722-9d35-e1a345c8ba66.tmp.WERInternalMetadata.xml\r\n\\\\?\\C:\\ProgramData\\Microsoft\\Windows\\WER\\Temp\\WER.79f65c29-31b2-4103-b12b-4548c3f9007c.tmp.csv\r\n\\\\?\\C:\\ProgramData\\Microsoft\\Windows\\WER\\Temp\\WER.6ac97283-d9f1-4373-8792-97e2bcf5f015.tmp.txt\r\n\\\\?\\C:\\ProgramData\\Microsoft\\Windows\\WER\\Temp\\WER.5df93298-188c-4a09-8498-183d01908dd9.tmp.xml\r\n\r\nThese files may be available here:\r\n\\\\?\\C:\\ProgramData\\Microsoft\\Windows\\WER\\ReportQueue\\Kernel_15f_d3a28232e315e0c44f6110f8c072817803b444_00000000_501c3ee6-6f55-486a-8791-8185a9e5b8b2\r\n\r\nAnalysis symbol: \r\nRechecking for solution: 0\r\nReport Id: 501c3ee6-6f55-486a-8791-8185a9e5b8b2\r\nReport Status: 2051\r\nHashed bucket: \r\nCab Guid: 0\""},"eventdata":{"bucketType":"0","eventName":"LiveKernelEvent","response":"Not available","cabId":"0","p1":"15f","p2":"2","p3":"ffffd38fd9c0e6d0","p4":"ffffffff","p5":"ffffd38fcebd1aa0","p6":"10_0_26200","p7":"0_0","p8":"256_1","attachedFiles":"  \\\\\\\\?\\\\C:\\\\WINDOWS\\\\LiveKernelReports\\\\DripsWatchdog\\\\DripsWatchdog-20260428-1629.dmp  \\\\\\\\?\\\\C:\\\\WINDOWS\\\\SystemTemp\\\\WER-189003671-0.sysdata.xml  \\\\\\\\?\\\\C:\\\\WINDOWS\\\\LiveKernelReports\\\\DripsWatchdog-20260428-1629.dmp  \\\\\\\\?\\\\C:\\\\ProgramData\\\\Microsoft\\\\Windows\\\\WER\\\\Temp\\\\WER.8beac715-62d6-4722-9d35-e1a345c8ba66.tmp.WERInternalMetadata.xml  \\\\\\\\?\\\\C:\\\\ProgramData\\\\Microsoft\\\\Windows\\\\WER\\\\Temp\\\\WER.79f65c29-31b2-4103-b12b-4548c3f9007c.tmp.csv  \\\\\\\\?\\\\C:\\\\ProgramData\\\\Microsoft\\\\Windows\\\\WER\\\\Temp\\\\WER.6ac97283-d9f1-4373-8792-97e2bcf5f015.tmp.txt  \\\\\\\\?\\\\C:\\\\ProgramData\\\\Microsoft\\\\Windows\\\\WER\\\\Temp\\\\WER.5df93298-188c-4a09-8498-183d01908dd9.tmp.xml","storePath":"\\\\\\\\?\\\\C:\\\\ProgramData\\\\Microsoft\\\\Windows\\\\WER\\\\ReportQueue\\\\Kernel_15f_d3a28232e315e0c44f6110f8c072817803b444_00000000_501c3ee6-6f55-486a-8791-8185a9e5b8b2","rechecking":"0","reportId":"501c3ee6-6f55-486a-8791-8185a9e5b8b2","reportStatus":"2051","cabGuid":"0"}}},"location":"EventChannel"}
{"timestamp":"2026-05-02T08:33:13.854+0000","rule":{"level":4,"description":"Summary event of the report's signatures.","id":"60608","firedtimes":8,"mail":false,"groups":["windows","windows_application"]},"agent":{"id":"002","name":"WINDOWS-AGENT","ip":"172.20.10.2"},"manager":{"name":"wale"},"id":"1777710793.140800","decoder":{"name":"windows_eventchannel"},"data":{"win":{"system":{"providerName":"Windows Error Reporting","providerGuid":"{0ead09bd-2157-539a-8d6d-c87f95b64d70}","eventID":"1001","version":"0","level":"4","task":"0","opcode":"0","keywords":"0x8000000000000000","systemTime":"2026-05-02T08:28:48.2854254Z","eventRecordID":"1527","processID":"15812","threadID":"25952","channel":"Application","computer":"Null","severityValue":"INFORMATION","message":"\"Fault bucket , type 0\r\nEvent Name: LiveKernelEvent\r\nResponse: Not available\r\nCab Id: 0\r\n\r\nProblem signature:\r\nP1: 1a8\r\nP2: a\r\nP3: 0\r\nP4: 0\r\nP5: 0\r\nP6: 10_0_26200\r\nP7: 0_0\r\nP8: 256_1\r\nP9: \r\nP10: \r\n\r\nAttached files:\r\n\\\\?\\C:\\WINDOWS\\LiveKernelReports\\WATCHDOG\\WATCHDOG-20260425-1026.dmp\r\n\\\\?\\C:\\WINDOWS\\SystemTemp\\WER-74920593-0.sysdata.xml\r\n\\\\?\\C:\\ProgramData\\Microsoft\\Windows\\WER\\Temp\\WER.54532a34-13bd-4071-8580-e5038c3e7694.tmp.WERInternalMetadata.xml\r\n\\\\?\\C:\\ProgramData\\Microsoft\\Windows\\WER\\Temp\\WER.24e16632-db16-4ca1-8024-5e2b042c8867.tmp.csv\r\n\\\\?\\C:\\ProgramData\\Microsoft\\Windows\\WER\\Temp\\WER.d6a722e1-cb75-4270-bcf9-ab4dec655a0d.tmp.txt\r\n\\\\?\\C:\\ProgramData\\Microsoft\\Windows\\WER\\Temp\\WER.8c298168-7a74-4cc3-8d26-27676ade8e93.tmp.xml\r\n\r\nThese files may be available here:\r\n\\\\?\\C:\\ProgramData\\Microsoft\\Windows\\WER\\ReportQueue\\Kernel_1a8_9d28cacebfd2e58c9d4bbe18d96b857e6f8d615_00000000_acdb5f44-1360-4b8e-9cf9-45758d45ddaf\r\n\r\nAnalysis symbol: \r\nRechecking for solution: 0\r\nReport Id: acdb5f44-1360-4b8e-9cf9-45758d45ddaf\r\nReport Status: 2051\r\nHashed bucket: \r\nCab Guid: 0\""},"eventdata":{"bucketType":"0","eventName":"LiveKernelEvent","response":"Not available","cabId":"0","p1":"1a8","p2":"a","p3":"0","p4":"0","p5":"0","p6":"10_0_26200","p7":"0_0","p8":"256_1","attachedFiles":"  \\\\\\\\?\\\\C:\\\\WINDOWS\\\\LiveKernelReports\\\\WATCHDOG\\\\WATCHDOG-20260425-1026.dmp  \\\\\\\\?\\\\C:\\\\WINDOWS\\\\SystemTemp\\\\WER-74920593-0.sysdata.xml  \\\\\\\\?\\\\C:\\\\ProgramData\\\\Microsoft\\\\Windows\\\\WER\\\\Temp\\\\WER.54532a34-13bd-4071-8580-e5038c3e7694.tmp.WERInternalMetadata.xml  \\\\\\\\?\\\\C:\\\\ProgramData\\\\Microsoft\\\\Windows\\\\WER\\\\Temp\\\\WER.24e16632-db16-4ca1-8024-5e2b042c8867.tmp.csv  \\\\\\\\?\\\\C:\\\\ProgramData\\\\Microsoft\\\\Windows\\\\WER\\\\Temp\\\\WER.d6a722e1-cb75-4270-bcf9-ab4dec655a0d.tmp.txt  \\\\\\\\?\\\\C:\\\\ProgramData\\\\Microsoft\\\\Windows\\\\WER\\\\Temp\\\\WER.8c298168-7a74-4cc3-8d26-27676ade8e93.tmp.xml","storePath":"\\\\\\\\?\\\\C:\\\\ProgramData\\\\Microsoft\\\\Windows\\\\WER\\\\ReportQueue\\\\Kernel_1a8_9d28cacebfd2e58c9d4bbe18d96b857e6f8d615_00000000_acdb5f44-1360-4b8e-9cf9-45758d45ddaf","rechecking":"0","reportId":"acdb5f44-1360-4b8e-9cf9-45758d45ddaf","reportStatus":"2051","cabGuid":"0"}}},"location":"EventChannel"}
{"timestamp":"2026-05-02T08:33:13.860+0000","rule":{"level":3,"description":"Software protection service scheduled successfully.","id":"60642","firedtimes":3,"mail":false,"groups":["windows","windows_application"]},"agent":{"id":"002","name":"WINDOWS-AGENT","ip":"172.20.10.2"},"manager":{"name":"wale"},"id":"1777710793.146625","decoder":{"name":"windows_eventchannel"},"data":{"win":{"system":{"providerName":"Microsoft-Windows-Security-SPP","providerGuid":"{E23B33B0-C8C9-472C-A5F9-F2BDFEA0F156}","eventSourceName":"Software Protection Platform Service","eventID":"16384","version":"0","level":"4","task":"0","opcode":"0","keywords":"0x80000000000000","systemTime":"2026-05-02T08:30:17.7006953Z","eventRecordID":"1530","processID":"30680","threadID":"0","channel":"Application","computer":"Null","severityValue":"INFORMATION","message":"\"Successfully scheduled Software Protection service for re-start at 2126-04-08T08:30:17Z. Reason: RulesEngine.\""},"eventdata":{"data":"2126-04-08T08:30:17Z, RulesEngine"}}},"location":"EventChannel"}
{"timestamp":"2026-05-02T08:33:13.865+0000","rule":{"level":3,"description":"Software protection service scheduled successfully.","id":"60642","firedtimes":4,"mail":false,"groups":["windows","windows_application"]},"agent":{"id":"002","name":"WINDOWS-AGENT","ip":"172.20.10.2"},"manager":{"name":"wale"},"id":"1777710793.148211","decoder":{"name":"windows_eventchannel"},"data":{"win":{"system":{"providerName":"Microsoft-Windows-Security-SPP","providerGuid":"{E23B33B0-C8C9-472C-A5F9-F2BDFEA0F156}","eventSourceName":"Software Protection Platform Service","eventID":"16384","version":"0","level":"4","task":"0","opcode":"0","keywords":"0x80000000000000","systemTime":"2026-05-02T08:31:16.2750094Z","eventRecordID":"1532","processID":"29480","threadID":"0","channel":"Application","computer":"Null","severityValue":"INFORMATION","message":"\"Successfully scheduled Software Protection service for re-start at 2126-04-08T08:31:16Z. Reason: RulesEngine.\""},"eventdata":{"data":"2126-04-08T08:31:16Z, RulesEngine"}}},"location":"EventChannel"}
{"timestamp":"2026-05-02T08:33:13.870+0000","rule":{"level":4,"description":"Summary event of the report's signatures.","id":"60608","firedtimes":9,"mail":false,"groups":["windows","windows_application"]},"agent":{"id":"002","name":"WINDOWS-AGENT","ip":"172.20.10.2"},"manager":{"name":"wale"},"id":"1777710793.149797","decoder":{"name":"windows_eventchannel"},"data":{"win":{"system":{"providerName":"Windows Error Reporting","providerGuid":"{0ead09bd-2157-539a-8d6d-c87f95b64d70}","eventID":"1001","version":"0","level":"4","task":"0","opcode":"0","keywords":"0x8000000000000000","systemTime":"2026-05-02T08:31:44.5794182Z","eventRecordID":"1534","processID":"31416","threadID":"1880","channel":"Application","computer":"Null","severityValue":"INFORMATION","message":"\"Fault bucket , type 0\r\nEvent Name: LiveKernelEvent\r\nResponse: Not available\r\nCab Id: 0\r\n\r\nProblem signature:\r\nP1: 1a8\r\nP2: 1\r\nP3: 0\r\nP4: 0\r\nP5: 0\r\nP6: 10_0_26200\r\nP7: 0_0\r\nP8: 256_1\r\nP9: \r\nP10: \r\n\r\nAttached files:\r\n\\\\?\\C:\\WINDOWS\\LiveKernelReports\\WATCHDOG\\WATCHDOG-20260422-0625.dmp\r\n\\\\?\\C:\\WINDOWS\\SystemTemp\\WER-24796796-0.sysdata.xml\r\n\\\\?\\C:\\ProgramData\\Microsoft\\Windows\\WER\\Temp\\WER.84c69bd5-79b1-425b-a136-9c472626543c.tmp.WERInternalMetadata.xml\r\n\\\\?\\C:\\ProgramData\\Microsoft\\Windows\\WER\\Temp\\WER.a4aae68b-86bd-4242-8946-9246de3ac81f.tmp.csv\r\n\\\\?\\C:\\ProgramData\\Microsoft\\Windows\\WER\\Temp\\WER.4ab9c872-9577-4360-9752-768c53acf14a.tmp.txt\r\n\\\\?\\C:\\ProgramData\\Microsoft\\Windows\\WER\\Temp\\WER.f3a527a1-549c-4f42-aec5-d2e5da7dfdf4.tmp.xml\r\n\r\nThese files may be available here:\r\n\\\\?\\C:\\ProgramData\\Microsoft\\Windows\\WER\\ReportQueue\\Kernel_1a8_c3be8430ad9f60eb75f06b62afa7598beb464e3_00000000_eb824c2a-c065-4de1-b2d2-d4b64e59855f\r\n\r\nAnalysis symbol: \r\nRechecking for solution: 0\r\nReport Id: eb824c2a-c065-4de1-b2d2-d4b64e59855f\r\nReport Status: 2051\r\nHashed bucket: \r\nCab Guid: 0\""},"eventdata":{"bucketType":"0","eventName":"LiveKernelEvent","response":"Not available","cabId":"0","p1":"1a8","p2":"1","p3":"0","p4":"0","p5":"0","p6":"10_0_26200","p7":"0_0","p8":"256_1","attachedFiles":"  \\\\\\\\?\\\\C:\\\\WINDOWS\\\\LiveKernelReports\\\\WATCHDOG\\\\WATCHDOG-20260422-0625.dmp  \\\\\\\\?\\\\C:\\\\WINDOWS\\\\SystemTemp\\\\WER-24796796-0.sysdata.xml  \\\\\\\\?\\\\C:\\\\ProgramData\\\\Microsoft\\\\Windows\\\\WER\\\\Temp\\\\WER.84c69bd5-79b1-425b-a136-9c472626543c.tmp.WERInternalMetadata.xml  \\\\\\\\?\\\\C:\\\\ProgramData\\\\Microsoft\\\\Windows\\\\WER\\\\Temp\\\\WER.a4aae68b-86bd-4242-8946-9246de3ac81f.tmp.csv  \\\\\\\\?\\\\C:\\\\ProgramData\\\\Microsoft\\\\Windows\\\\WER\\\\Temp\\\\WER.4ab9c872-9577-4360-9752-768c53acf14a.tmp.txt  \\\\\\\\?\\\\C:\\\\ProgramData\\\\Microsoft\\\\Windows\\\\WER\\\\Temp\\\\WER.f3a527a1-549c-4f42-aec5-d2e5da7dfdf4.tmp.xml","storePath":"\\\\\\\\?\\\\C:\\\\ProgramData\\\\Microsoft\\\\Windows\\\\WER\\\\ReportQueue\\\\Kernel_1a8_c3be8430ad9f60eb75f06b62afa7598beb464e3_00000000_eb824c2a-c065-4de1-b2d2-d4b64e59855f","rechecking":"0","reportId":"eb824c2a-c065-4de1-b2d2-d4b64e59855f","reportStatus":"2051","cabGuid":"0"}}},"location":"EventChannel"}
{"timestamp":"2026-05-02T08:33:13.872+0000","rule":{"level":4,"description":"Summary event of the report's signatures.","id":"60608","firedtimes":10,"mail":false,"groups":["windows","windows_application"]},"agent":{"id":"002","name":"WINDOWS-AGENT","ip":"172.20.10.2"},"manager":{"name":"wale"},"id":"1777710793.155620","decoder":{"name":"windows_eventchannel"},"data":{"win":{"system":{"providerName":"Windows Error Reporting","providerGuid":"{0ead09bd-2157-539a-8d6d-c87f95b64d70}","eventID":"1001","version":"0","level":"4","task":"0","opcode":"0","keywords":"0x8000000000000000","systemTime":"2026-05-02T08:31:44.6149868Z","eventRecordID":"1535","processID":"31416","threadID":"1880","channel":"Application","computer":"Null","severityValue":"INFORMATION","message":"\"Fault bucket , type 0\r\nEvent Name: LiveKernelEvent\r\nResponse: Not available\r\nCab Id: 0\r\n\r\nProblem signature:\r\nP1: 1b8\r\nP2: 1\r\nP3: 0\r\nP4: 0\r\nP5: 0\r\nP6: 10_0_26200\r\nP7: 0_0\r\nP8: 256_1\r\nP9: \r\nP10: \r\n\r\nAttached files:\r\n\\\\?\\C:\\WINDOWS\\LiveKernelReports\\WATCHDOG4400\\WATCHDOG4400-20260422-0625.dmp\r\n\\\\?\\C:\\WINDOWS\\SystemTemp\\WER-24796812-0.sysdata.xml\r\n\\\\?\\C:\\ProgramData\\Microsoft\\Windows\\WER\\Temp\\WER.ee2de923-65d9-43a7-a237-fcd29b662798.tmp.WERInternalMetadata.xml\r\n\\\\?\\C:\\ProgramData\\Microsoft\\Windows\\WER\\Temp\\WER.8a3bd8d2-c221-47b4-b8c4-f1697a5d2946.tmp.csv\r\n\\\\?\\C:\\ProgramData\\Microsoft\\Windows\\WER\\Temp\\WER.86dd606f-7bcb-4a90-afab-c4266d5d621e.tmp.txt\r\n\\\\?\\C:\\ProgramData\\Microsoft\\Windows\\WER\\Temp\\WER.a2992a21-a4d7-43e2-9dd8-218bb2ad0013.tmp.xml\r\n\r\nThese files may be available here:\r\n\\\\?\\C:\\ProgramData\\Microsoft\\Windows\\WER\\ReportQueue\\Kernel_1b8_3266ee9f236733789e644ef694ee92749a13023_00000000_10db1411-5112-4f15-983b-c26e911fd03a\r\n\r\nAnalysis symbol: \r\nRechecking for solution: 0\r\nReport Id: 10db1411-5112-4f15-983b-c26e911fd03a\r\nReport Status: 2051\r\nHashed bucket: \r\nCab Guid: 0\""},"eventdata":{"bucketType":"0","eventName":"LiveKernelEvent","response":"Not available","cabId":"0","p1":"1b8","p2":"1","p3":"0","p4":"0","p5":"0","p6":"10_0_26200","p7":"0_0","p8":"256_1","attachedFiles":"  \\\\\\\\?\\\\C:\\\\WINDOWS\\\\LiveKernelReports\\\\WATCHDOG4400\\\\WATCHDOG4400-20260422-0625.dmp  \\\\\\\\?\\\\C:\\\\WINDOWS\\\\SystemTemp\\\\WER-24796812-0.sysdata.xml  \\\\\\\\?\\\\C:\\\\ProgramData\\\\Microsoft\\\\Windows\\\\WER\\\\Temp\\\\WER.ee2de923-65d9-43a7-a237-fcd29b662798.tmp.WERInternalMetadata.xml  \\\\\\\\?\\\\C:\\\\ProgramData\\\\Microsoft\\\\Windows\\\\WER\\\\Temp\\\\WER.8a3bd8d2-c221-47b4-b8c4-f1697a5d2946.tmp.csv  \\\\\\\\?\\\\C:\\\\ProgramData\\\\Microsoft\\\\Windows\\\\WER\\\\Temp\\\\WER.86dd606f-7bcb-4a90-afab-c4266d5d621e.tmp.txt  \\\\\\\\?\\\\C:\\\\ProgramData\\\\Microsoft\\\\Windows\\\\WER\\\\Temp\\\\WER.a2992a21-a4d7-43e2-9dd8-218bb2ad0013.tmp.xml","storePath":"\\\\\\\\?\\\\C:\\\\ProgramData\\\\Microsoft\\\\Windows\\\\WER\\\\ReportQueue\\\\Kernel_1b8_3266ee9f236733789e644ef694ee92749a13023_00000000_10db1411-5112-4f15-983b-c26e911fd03a","rechecking":"0","reportId":"10db1411-5112-4f15-983b-c26e911fd03a","reportStatus":"2051","cabGuid":"0"}}},"location":"EventChannel"}
{"timestamp":"2026-05-02T08:33:13.880+0000","rule":{"level":4,"description":"Summary event of the report's signatures.","id":"60608","firedtimes":11,"mail":false,"groups":["windows","windows_application"]},"agent":{"id":"002","name":"WINDOWS-AGENT","ip":"172.20.10.2"},"manager":{"name":"wale"},"id":"1777710793.161475","decoder":{"name":"windows_eventchannel"},"data":{"win":{"system":{"providerName":"Windows Error Reporting","providerGuid":"{0ead09bd-2157-539a-8d6d-c87f95b64d70}","eventID":"1001","version":"0","level":"4","task":"0","opcode":"0","keywords":"0x8000000000000000","systemTime":"2026-05-02T08:31:44.6519352Z","eventRecordID":"1536","processID":"31416","threadID":"1880","channel":"Application","computer":"Null","severityValue":"INFORMATION","message":"\"Fault bucket , type 0\r\nEvent Name: LiveKernelEvent\r\nResponse: Not available\r\nCab Id: 0\r\n\r\nProblem signature:\r\nP1: 1a8\r\nP2: a\r\nP3: 0\r\nP4: 0\r\nP5: 0\r\nP6: 10_0_26200\r\nP7: 0_0\r\nP8: 256_1\r\nP9: \r\nP10: \r\n\r\nAttached files:\r\n\\\\?\\C:\\WINDOWS\\LiveKernelReports\\WATCHDOG\\WATCHDOG-20260425-1026.dmp\r\n\\\\?\\C:\\WINDOWS\\SystemTemp\\WER-74920593-0.sysdata.xml\r\n\\\\?\\C:\\ProgramData\\Microsoft\\Windows\\WER\\Temp\\WER.54532a34-13bd-4071-8580-e5038c3e7694.tmp.WERInternalMetadata.xml\r\n\\\\?\\C:\\ProgramData\\Microsoft\\Windows\\WER\\Temp\\WER.24e16632-db16-4ca1-8024-5e2b042c8867.tmp.csv\r\n\\\\?\\C:\\ProgramData\\Microsoft\\Windows\\WER\\Temp\\WER.d6a722e1-cb75-4270-bcf9-ab4dec655a0d.tmp.txt\r\n\\\\?\\C:\\ProgramData\\Microsoft\\Windows\\WER\\Temp\\WER.8c298168-7a74-4cc3-8d26-27676ade8e93.tmp.xml\r\n\r\nThese files may be available here:\r\n\\\\?\\C:\\ProgramData\\Microsoft\\Windows\\WER\\ReportQueue\\Kernel_1a8_9d28cacebfd2e58c9d4bbe18d96b857e6f8d615_00000000_acdb5f44-1360-4b8e-9cf9-45758d45ddaf\r\n\r\nAnalysis symbol: \r\nRechecking for solution: 0\r\nReport Id: acdb5f44-1360-4b8e-9cf9-45758d45ddaf\r\nReport Status: 2051\r\nHashed bucket: \r\nCab Guid: 0\""},"eventdata":{"bucketType":"0","eventName":"LiveKernelEvent","response":"Not available","cabId":"0","p1":"1a8","p2":"a","p3":"0","p4":"0","p5":"0","p6":"10_0_26200","p7":"0_0","p8":"256_1","attachedFiles":"  \\\\\\\\?\\\\C:\\\\WINDOWS\\\\LiveKernelReports\\\\WATCHDOG\\\\WATCHDOG-20260425-1026.dmp  \\\\\\\\?\\\\C:\\\\WINDOWS\\\\SystemTemp\\\\WER-74920593-0.sysdata.xml  \\\\\\\\?\\\\C:\\\\ProgramData\\\\Microsoft\\\\Windows\\\\WER\\\\Temp\\\\WER.54532a34-13bd-4071-8580-e5038c3e7694.tmp.WERInternalMetadata.xml  \\\\\\\\?\\\\C:\\\\ProgramData\\\\Microsoft\\\\Windows\\\\WER\\\\Temp\\\\WER.24e16632-db16-4ca1-8024-5e2b042c8867.tmp.csv  \\\\\\\\?\\\\C:\\\\ProgramData\\\\Microsoft\\\\Windows\\\\WER\\\\Temp\\\\WER.d6a722e1-cb75-4270-bcf9-ab4dec655a0d.tmp.txt  \\\\\\\\?\\\\C:\\\\ProgramData\\\\Microsoft\\\\Windows\\\\WER\\\\Temp\\\\WER.8c298168-7a74-4cc3-8d26-27676ade8e93.tmp.xml","storePath":"\\\\\\\\?\\\\C:\\\\ProgramData\\\\Microsoft\\\\Windows\\\\WER\\\\ReportQueue\\\\Kernel_1a8_9d28cacebfd2e58c9d4bbe18d96b857e6f8d615_00000000_acdb5f44-1360-4b8e-9cf9-45758d45ddaf","rechecking":"0","reportId":"acdb5f44-1360-4b8e-9cf9-45758d45ddaf","reportStatus":"2051","cabGuid":"0"}}},"location":"EventChannel"}
{"timestamp":"2026-05-02T08:33:13.878+0000","rule":{"level":4,"description":"Summary event of the report's signatures.","id":"60608","firedtimes":12,"mail":false,"groups":["windows","windows_application"]},"agent":{"id":"002","name":"WINDOWS-AGENT","ip":"172.20.10.2"},"manager":{"name":"wale"},"id":"1777710793.167298","decoder":{"name":"windows_eventchannel"},"data":{"win":{"system":{"providerName":"Windows Error Reporting","providerGuid":"{0ead09bd-2157-539a-8d6d-c87f95b64d70}","eventID":"1001","version":"0","level":"4","task":"0","opcode":"0","keywords":"0x8000000000000000","systemTime":"2026-05-02T08:31:44.6952157Z","eventRecordID":"1537","processID":"31416","threadID":"1880","channel":"Application","computer":"Null","severityValue":"INFORMATION","message":"\"Fault bucket , type 0\r\nEvent Name: LiveKernelEvent\r\nResponse: Not available\r\nCab Id: 0\r\n\r\nProblem signature:\r\nP1: 15f\r\nP2: 2\r\nP3: ffffd38fd9c0e6d0\r\nP4: ffffffff\r\nP5: ffffd38fcebd1aa0\r\nP6: 10_0_26200\r\nP7: 0_0\r\nP8: 256_1\r\nP9: \r\nP10: \r\n\r\nAttached files:\r\n\\\\?\\C:\\WINDOWS\\LiveKernelReports\\DripsWatchdog\\DripsWatchdog-20260428-1629.dmp\r\n\\\\?\\C:\\WINDOWS\\SystemTemp\\WER-189003671-0.sysdata.xml\r\n\\\\?\\C:\\WINDOWS\\LiveKernelReports\\DripsWatchdog-20260428-1629.dmp\r\n\\\\?\\C:\\ProgramData\\Microsoft\\Windows\\WER\\Temp\\WER.8beac715-62d6-4722-9d35-e1a345c8ba66.tmp.WERInternalMetadata.xml\r\n\\\\?\\C:\\ProgramData\\Microsoft\\Windows\\WER\\Temp\\WER.79f65c29-31b2-4103-b12b-4548c3f9007c.tmp.csv\r\n\\\\?\\C:\\ProgramData\\Microsoft\\Windows\\WER\\Temp\\WER.6ac97283-d9f1-4373-8792-97e2bcf5f015.tmp.txt\r\n\\\\?\\C:\\ProgramData\\Microsoft\\Windows\\WER\\Temp\\WER.5df93298-188c-4a09-8498-183d01908dd9.tmp.xml\r\n\r\nThese files may be available here:\r\n\\\\?\\C:\\ProgramData\\Microsoft\\Windows\\WER\\ReportQueue\\Kernel_15f_d3a28232e315e0c44f6110f8c072817803b444_00000000_501c3ee6-6f55-486a-8791-8185a9e5b8b2\r\n\r\nAnalysis symbol: \r\nRechecking for solution: 0\r\nReport Id: 501c3ee6-6f55-486a-8791-8185a9e5b8b2\r\nReport Status: 2051\r\nHashed bucket: \r\nCab Guid: 0\""},"eventdata":{"bucketType":"0","eventName":"LiveKernelEvent","response":"Not available","cabId":"0","p1":"15f","p2":"2","p3":"ffffd38fd9c0e6d0","p4":"ffffffff","p5":"ffffd38fcebd1aa0","p6":"10_0_26200","p7":"0_0","p8":"256_1","attachedFiles":"  \\\\\\\\?\\\\C:\\\\WINDOWS\\\\LiveKernelReports\\\\DripsWatchdog\\\\DripsWatchdog-20260428-1629.dmp  \\\\\\\\?\\\\C:\\\\WINDOWS\\\\SystemTemp\\\\WER-189003671-0.sysdata.xml  \\\\\\\\?\\\\C:\\\\WINDOWS\\\\LiveKernelReports\\\\DripsWatchdog-20260428-1629.dmp  \\\\\\\\?\\\\C:\\\\ProgramData\\\\Microsoft\\\\Windows\\\\WER\\\\Temp\\\\WER.8beac715-62d6-4722-9d35-e1a345c8ba66.tmp.WERInternalMetadata.xml  \\\\\\\\?\\\\C:\\\\ProgramData\\\\Microsoft\\\\Windows\\\\WER\\\\Temp\\\\WER.79f65c29-31b2-4103-b12b-4548c3f9007c.tmp.csv  \\\\\\\\?\\\\C:\\\\ProgramData\\\\Microsoft\\\\Windows\\\\WER\\\\Temp\\\\WER.6ac97283-d9f1-4373-8792-97e2bcf5f015.tmp.txt  \\\\\\\\?\\\\C:\\\\ProgramData\\\\Microsoft\\\\Windows\\\\WER\\\\Temp\\\\WER.5df93298-188c-4a09-8498-183d01908dd9.tmp.xml","storePath":"\\\\\\\\?\\\\C:\\\\ProgramData\\\\Microsoft\\\\Windows\\\\WER\\\\ReportQueue\\\\Kernel_15f_d3a28232e315e0c44f6110f8c072817803b444_00000000_501c3ee6-6f55-486a-8791-8185a9e5b8b2","rechecking":"0","reportId":"501c3ee6-6f55-486a-8791-8185a9e5b8b2","reportStatus":"2051","cabGuid":"0"}}},"location":"EventChannel"}
{"timestamp":"2026-05-02T08:33:13.892+0000","rule":{"level":4,"description":"Summary event of the report's signatures.","id":"60608","firedtimes":13,"mail":false,"groups":["windows","windows_application"]},"agent":{"id":"002","name":"WINDOWS-AGENT","ip":"172.20.10.2"},"manager":{"name":"wale"},"id":"1777710793.173605","decoder":{"name":"windows_eventchannel"},"data":{"win":{"system":{"providerName":"Windows Error Reporting","providerGuid":"{0ead09bd-2157-539a-8d6d-c87f95b64d70}","eventID":"1001","version":"0","level":"4","task":"0","opcode":"0","keywords":"0x8000000000000000","systemTime":"2026-05-02T08:32:06.8370498Z","eventRecordID":"1543","processID":"18956","threadID":"11448","channel":"Application","computer":"Null","severityValue":"INFORMATION","message":"\"Fault bucket , type 0\r\nEvent Name: LiveKernelEvent\r\nResponse: Not available\r\nCab Id: 0\r\n\r\nProblem signature:\r\nP1: 1a8\r\nP2: 1\r\nP3: 0\r\nP4: 0\r\nP5: 0\r\nP6: 10_0_26200\r\nP7: 0_0\r\nP8: 256_1\r\nP9: \r\nP10: \r\n\r\nAttached files:\r\n\\\\?\\C:\\WINDOWS\\LiveKernelReports\\WATCHDOG\\WATCHDOG-20260422-0625.dmp\r\n\\\\?\\C:\\WINDOWS\\SystemTemp\\WER-24796796-0.sysdata.xml\r\n\\\\?\\C:\\ProgramData\\Microsoft\\Windows\\WER\\Temp\\WER.84c69bd5-79b1-425b-a136-9c472626543c.tmp.WERInternalMetadata.xml\r\n\\\\?\\C:\\ProgramData\\Microsoft\\Windows\\WER\\Temp\\WER.a4aae68b-86bd-4242-8946-9246de3ac81f.tmp.csv\r\n\\\\?\\C:\\ProgramData\\Microsoft\\Windows\\WER\\Temp\\WER.4ab9c872-9577-4360-9752-768c53acf14a.tmp.txt\r\n\\\\?\\C:\\ProgramData\\Microsoft\\Windows\\WER\\Temp\\WER.f3a527a1-549c-4f42-aec5-d2e5da7dfdf4.tmp.xml\r\n\r\nThese files may be available here:\r\n\\\\?\\C:\\ProgramData\\Microsoft\\Windows\\WER\\ReportQueue\\Kernel_1a8_c3be8430ad9f60eb75f06b62afa7598beb464e3_00000000_eb824c2a-c065-4de1-b2d2-d4b64e59855f\r\n\r\nAnalysis symbol: \r\nRechecking for solution: 0\r\nReport Id: eb824c2a-c065-4de1-b2d2-d4b64e59855f\r\nReport Status: 2051\r\nHashed bucket: \r\nCab Guid: 0\""},"eventdata":{"bucketType":"0","eventName":"LiveKernelEvent","response":"Not available","cabId":"0","p1":"1a8","p2":"1","p3":"0","p4":"0","p5":"0","p6":"10_0_26200","p7":"0_0","p8":"256_1","attachedFiles":"  \\\\\\\\?\\\\C:\\\\WINDOWS\\\\LiveKernelReports\\\\WATCHDOG\\\\WATCHDOG-20260422-0625.dmp  \\\\\\\\?\\\\C:\\\\WINDOWS\\\\SystemTemp\\\\WER-24796796-0.sysdata.xml  \\\\\\\\?\\\\C:\\\\ProgramData\\\\Microsoft\\\\Windows\\\\WER\\\\Temp\\\\WER.84c69bd5-79b1-425b-a136-9c472626543c.tmp.WERInternalMetadata.xml  \\\\\\\\?\\\\C:\\\\ProgramData\\\\Microsoft\\\\Windows\\\\WER\\\\Temp\\\\WER.a4aae68b-86bd-4242-8946-9246de3ac81f.tmp.csv  \\\\\\\\?\\\\C:\\\\ProgramData\\\\Microsoft\\\\Windows\\\\WER\\\\Temp\\\\WER.4ab9c872-9577-4360-9752-768c53acf14a.tmp.txt  \\\\\\\\?\\\\C:\\\\ProgramData\\\\Microsoft\\\\Windows\\\\WER\\\\Temp\\\\WER.f3a527a1-549c-4f42-aec5-d2e5da7dfdf4.tmp.xml","storePath":"\\\\\\\\?\\\\C:\\\\ProgramData\\\\Microsoft\\\\Windows\\\\WER\\\\ReportQueue\\\\Kernel_1a8_c3be8430ad9f60eb75f06b62afa7598beb464e3_00000000_eb824c2a-c065-4de1-b2d2-d4b64e59855f","rechecking":"0","reportId":"eb824c2a-c065-4de1-b2d2-d4b64e59855f","reportStatus":"2051","cabGuid":"0"}}},"location":"EventChannel"}
{"timestamp":"2026-05-02T08:33:13.894+0000","rule":{"level":4,"description":"Summary event of the report's signatures.","id":"60608","firedtimes":14,"mail":false,"groups":["windows","windows_application"]},"agent":{"id":"002","name":"WINDOWS-AGENT","ip":"172.20.10.2"},"manager":{"name":"wale"},"id":"1777710793.179430","decoder":{"name":"windows_eventchannel"},"data":{"win":{"system":{"providerName":"Windows Error Reporting","providerGuid":"{0ead09bd-2157-539a-8d6d-c87f95b64d70}","eventID":"1001","version":"0","level":"4","task":"0","opcode":"0","keywords":"0x8000000000000000","systemTime":"2026-05-02T08:32:06.9144421Z","eventRecordID":"1544","processID":"18956","threadID":"11448","channel":"Application","computer":"Null","severityValue":"INFORMATION","message":"\"Fault bucket , type 0\r\nEvent Name: LiveKernelEvent\r\nResponse: Not available\r\nCab Id: 0\r\n\r\nProblem signature:\r\nP1: 1b8\r\nP2: 1\r\nP3: 0\r\nP4: 0\r\nP5: 0\r\nP6: 10_0_26200\r\nP7: 0_0\r\nP8: 256_1\r\nP9: \r\nP10: \r\n\r\nAttached files:\r\n\\\\?\\C:\\WINDOWS\\LiveKernelReports\\WATCHDOG4400\\WATCHDOG4400-20260422-0625.dmp\r\n\\\\?\\C:\\WINDOWS\\SystemTemp\\WER-24796812-0.sysdata.xml\r\n\\\\?\\C:\\ProgramData\\Microsoft\\Windows\\WER\\Temp\\WER.ee2de923-65d9-43a7-a237-fcd29b662798.tmp.WERInternalMetadata.xml\r\n\\\\?\\C:\\ProgramData\\Microsoft\\Windows\\WER\\Temp\\WER.8a3bd8d2-c221-47b4-b8c4-f1697a5d2946.tmp.csv\r\n\\\\?\\C:\\ProgramData\\Microsoft\\Windows\\WER\\Temp\\WER.86dd606f-7bcb-4a90-afab-c4266d5d621e.tmp.txt\r\n\\\\?\\C:\\ProgramData\\Microsoft\\Windows\\WER\\Temp\\WER.a2992a21-a4d7-43e2-9dd8-218bb2ad0013.tmp.xml\r\n\r\nThese files may be available here:\r\n\\\\?\\C:\\ProgramData\\Microsoft\\Windows\\WER\\ReportQueue\\Kernel_1b8_3266ee9f236733789e644ef694ee92749a13023_00000000_10db1411-5112-4f15-983b-c26e911fd03a\r\n\r\nAnalysis symbol: \r\nRechecking for solution: 0\r\nReport Id: 10db1411-5112-4f15-983b-c26e911fd03a\r\nReport Status: 2051\r\nHashed bucket: \r\nCab Guid: 0\""},"eventdata":{"bucketType":"0","eventName":"LiveKernelEvent","response":"Not available","cabId":"0","p1":"1b8","p2":"1","p3":"0","p4":"0","p5":"0","p6":"10_0_26200","p7":"0_0","p8":"256_1","attachedFiles":"  \\\\\\\\?\\\\C:\\\\WINDOWS\\\\LiveKernelReports\\\\WATCHDOG4400\\\\WATCHDOG4400-20260422-0625.dmp  \\\\\\\\?\\\\C:\\\\WINDOWS\\\\SystemTemp\\\\WER-24796812-0.sysdata.xml  \\\\\\\\?\\\\C:\\\\ProgramData\\\\Microsoft\\\\Windows\\\\WER\\\\Temp\\\\WER.ee2de923-65d9-43a7-a237-fcd29b662798.tmp.WERInternalMetadata.xml  \\\\\\\\?\\\\C:\\\\ProgramData\\\\Microsoft\\\\Windows\\\\WER\\\\Temp\\\\WER.8a3bd8d2-c221-47b4-b8c4-f1697a5d2946.tmp.csv  \\\\\\\\?\\\\C:\\\\ProgramData\\\\Microsoft\\\\Windows\\\\WER\\\\Temp\\\\WER.86dd606f-7bcb-4a90-afab-c4266d5d621e.tmp.txt  \\\\\\\\?\\\\C:\\\\ProgramData\\\\Microsoft\\\\Windows\\\\WER\\\\Temp\\\\WER.a2992a21-a4d7-43e2-9dd8-218bb2ad0013.tmp.xml","storePath":"\\\\\\\\?\\\\C:\\\\ProgramData\\\\Microsoft\\\\Windows\\\\WER\\\\ReportQueue\\\\Kernel_1b8_3266ee9f236733789e644ef694ee92749a13023_00000000_10db1411-5112-4f15-983b-c26e911fd03a","rechecking":"0","reportId":"10db1411-5112-4f15-983b-c26e911fd03a","reportStatus":"2051","cabGuid":"0"}}},"location":"EventChannel"}
{"timestamp":"2026-05-02T08:33:13.899+0000","rule":{"level":4,"description":"Summary event of the report's signatures.","id":"60608","firedtimes":15,"mail":false,"groups":["windows","windows_application"]},"agent":{"id":"002","name":"WINDOWS-AGENT","ip":"172.20.10.2"},"manager":{"name":"wale"},"id":"1777710793.185287","decoder":{"name":"windows_eventchannel"},"data":{"win":{"system":{"providerName":"Windows Error Reporting","providerGuid":"{0ead09bd-2157-539a-8d6d-c87f95b64d70}","eventID":"1001","version":"0","level":"4","task":"0","opcode":"0","keywords":"0x8000000000000000","systemTime":"2026-05-02T08:32:07.1044779Z","eventRecordID":"1546","processID":"18956","threadID":"11448","channel":"Application","computer":"Null","severityValue":"INFORMATION","message":"\"Fault bucket , type 0\r\nEvent Name: LiveKernelEvent\r\nResponse: Not available\r\nCab Id: 0\r\n\r\nProblem signature:\r\nP1: 15f\r\nP2: 2\r\nP3: ffffd38fd9c0e6d0\r\nP4: ffffffff\r\nP5: ffffd38fcebd1aa0\r\nP6: 10_0_26200\r\nP7: 0_0\r\nP8: 256_1\r\nP9: \r\nP10: \r\n\r\nAttached files:\r\n\\\\?\\C:\\WINDOWS\\LiveKernelReports\\DripsWatchdog\\DripsWatchdog-20260428-1629.dmp\r\n\\\\?\\C:\\WINDOWS\\SystemTemp\\WER-189003671-0.sysdata.xml\r\n\\\\?\\C:\\WINDOWS\\LiveKernelReports\\DripsWatchdog-20260428-1629.dmp\r\n\\\\?\\C:\\ProgramData\\Microsoft\\Windows\\WER\\Temp\\WER.8beac715-62d6-4722-9d35-e1a345c8ba66.tmp.WERInternalMetadata.xml\r\n\\\\?\\C:\\ProgramData\\Microsoft\\Windows\\WER\\Temp\\WER.79f65c29-31b2-4103-b12b-4548c3f9007c.tmp.csv\r\n\\\\?\\C:\\ProgramData\\Microsoft\\Windows\\WER\\Temp\\WER.6ac97283-d9f1-4373-8792-97e2bcf5f015.tmp.txt\r\n\\\\?\\C:\\ProgramData\\Microsoft\\Windows\\WER\\Temp\\WER.5df93298-188c-4a09-8498-183d01908dd9.tmp.xml\r\n\r\nThese files may be available here:\r\n\\\\?\\C:\\ProgramData\\Microsoft\\Windows\\WER\\ReportQueue\\Kernel_15f_d3a28232e315e0c44f6110f8c072817803b444_00000000_501c3ee6-6f55-486a-8791-8185a9e5b8b2\r\n\r\nAnalysis symbol: \r\nRechecking for solution: 0\r\nReport Id: 501c3ee6-6f55-486a-8791-8185a9e5b8b2\r\nReport Status: 2051\r\nHashed bucket: \r\nCab Guid: 0\""},"eventdata":{"bucketType":"0","eventName":"LiveKernelEvent","response":"Not available","cabId":"0","p1":"15f","p2":"2","p3":"ffffd38fd9c0e6d0","p4":"ffffffff","p5":"ffffd38fcebd1aa0","p6":"10_0_26200","p7":"0_0","p8":"256_1","attachedFiles":"  \\\\\\\\?\\\\C:\\\\WINDOWS\\\\LiveKernelReports\\\\DripsWatchdog\\\\DripsWatchdog-20260428-1629.dmp  \\\\\\\\?\\\\C:\\\\WINDOWS\\\\SystemTemp\\\\WER-189003671-0.sysdata.xml  \\\\\\\\?\\\\C:\\\\WINDOWS\\\\LiveKernelReports\\\\DripsWatchdog-20260428-1629.dmp  \\\\\\\\?\\\\C:\\\\ProgramData\\\\Microsoft\\\\Windows\\\\WER\\\\Temp\\\\WER.8beac715-62d6-4722-9d35-e1a345c8ba66.tmp.WERInternalMetadata.xml  \\\\\\\\?\\\\C:\\\\ProgramData\\\\Microsoft\\\\Windows\\\\WER\\\\Temp\\\\WER.79f65c29-31b2-4103-b12b-4548c3f9007c.tmp.csv  \\\\\\\\?\\\\C:\\\\ProgramData\\\\Microsoft\\\\Windows\\\\WER\\\\Temp\\\\WER.6ac97283-d9f1-4373-8792-97e2bcf5f015.tmp.txt  \\\\\\\\?\\\\C:\\\\ProgramData\\\\Microsoft\\\\Windows\\\\WER\\\\Temp\\\\WER.5df93298-188c-4a09-8498-183d01908dd9.tmp.xml","storePath":"\\\\\\\\?\\\\C:\\\\ProgramData\\\\Microsoft\\\\Windows\\\\WER\\\\ReportQueue\\\\Kernel_15f_d3a28232e315e0c44f6110f8c072817803b444_00000000_501c3ee6-6f55-486a-8791-8185a9e5b8b2","rechecking":"0","reportId":"501c3ee6-6f55-486a-8791-8185a9e5b8b2","reportStatus":"2051","cabGuid":"0"}}},"location":"EventChannel"}
{"timestamp":"2026-05-02T08:33:13.900+0000","rule":{"level":4,"description":"Summary event of the report's signatures.","id":"60608","firedtimes":16,"mail":false,"groups":["windows","windows_application"]},"agent":{"id":"002","name":"WINDOWS-AGENT","ip":"172.20.10.2"},"manager":{"name":"wale"},"id":"1777710793.191596","decoder":{"name":"windows_eventchannel"},"data":{"win":{"system":{"providerName":"Windows Error Reporting","providerGuid":"{0ead09bd-2157-539a-8d6d-c87f95b64d70}","eventID":"1001","version":"0","level":"4","task":"0","opcode":"0","keywords":"0x8000000000000000","systemTime":"2026-05-02T08:32:07.0468993Z","eventRecordID":"1545","processID":"18956","threadID":"11448","channel":"Application","computer":"Null","severityValue":"INFORMATION","message":"\"Fault bucket , type 0\r\nEvent Name: LiveKernelEvent\r\nResponse: Not available\r\nCab Id: 0\r\n\r\nProblem signature:\r\nP1: 1a8\r\nP2: a\r\nP3: 0\r\nP4: 0\r\nP5: 0\r\nP6: 10_0_26200\r\nP7: 0_0\r\nP8: 256_1\r\nP9: \r\nP10: \r\n\r\nAttached files:\r\n\\\\?\\C:\\WINDOWS\\LiveKernelReports\\WATCHDOG\\WATCHDOG-20260425-1026.dmp\r\n\\\\?\\C:\\WINDOWS\\SystemTemp\\WER-74920593-0.sysdata.xml\r\n\\\\?\\C:\\ProgramData\\Microsoft\\Windows\\WER\\Temp\\WER.54532a34-13bd-4071-8580-e5038c3e7694.tmp.WERInternalMetadata.xml\r\n\\\\?\\C:\\ProgramData\\Microsoft\\Windows\\WER\\Temp\\WER.24e16632-db16-4ca1-8024-5e2b042c8867.tmp.csv\r\n\\\\?\\C:\\ProgramData\\Microsoft\\Windows\\WER\\Temp\\WER.d6a722e1-cb75-4270-bcf9-ab4dec655a0d.tmp.txt\r\n\\\\?\\C:\\ProgramData\\Microsoft\\Windows\\WER\\Temp\\WER.8c298168-7a74-4cc3-8d26-27676ade8e93.tmp.xml\r\n\r\nThese files may be available here:\r\n\\\\?\\C:\\ProgramData\\Microsoft\\Windows\\WER\\ReportQueue\\Kernel_1a8_9d28cacebfd2e58c9d4bbe18d96b857e6f8d615_00000000_acdb5f44-1360-4b8e-9cf9-45758d45ddaf\r\n\r\nAnalysis symbol: \r\nRechecking for solution: 0\r\nReport Id: acdb5f44-1360-4b8e-9cf9-45758d45ddaf\r\nReport Status: 2051\r\nHashed bucket: \r\nCab Guid: 0\""},"eventdata":{"bucketType":"0","eventName":"LiveKernelEvent","response":"Not available","cabId":"0","p1":"1a8","p2":"a","p3":"0","p4":"0","p5":"0","p6":"10_0_26200","p7":"0_0","p8":"256_1","attachedFiles":"  \\\\\\\\?\\\\C:\\\\WINDOWS\\\\LiveKernelReports\\\\WATCHDOG\\\\WATCHDOG-20260425-1026.dmp  \\\\\\\\?\\\\C:\\\\WINDOWS\\\\SystemTemp\\\\WER-74920593-0.sysdata.xml  \\\\\\\\?\\\\C:\\\\ProgramData\\\\Microsoft\\\\Windows\\\\WER\\\\Temp\\\\WER.54532a34-13bd-4071-8580-e5038c3e7694.tmp.WERInternalMetadata.xml  \\\\\\\\?\\\\C:\\\\ProgramData\\\\Microsoft\\\\Windows\\\\WER\\\\Temp\\\\WER.24e16632-db16-4ca1-8024-5e2b042c8867.tmp.csv  \\\\\\\\?\\\\C:\\\\ProgramData\\\\Microsoft\\\\Windows\\\\WER\\\\Temp\\\\WER.d6a722e1-cb75-4270-bcf9-ab4dec655a0d.tmp.txt  \\\\\\\\?\\\\C:\\\\ProgramData\\\\Microsoft\\\\Windows\\\\WER\\\\Temp\\\\WER.8c298168-7a74-4cc3-8d26-27676ade8e93.tmp.xml","storePath":"\\\\\\\\?\\\\C:\\\\ProgramData\\\\Microsoft\\\\Windows\\\\WER\\\\ReportQueue\\\\Kernel_1a8_9d28cacebfd2e58c9d4bbe18d96b857e6f8d615_00000000_acdb5f44-1360-4b8e-9cf9-45758d45ddaf","rechecking":"0","reportId":"acdb5f44-1360-4b8e-9cf9-45758d45ddaf","reportStatus":"2051","cabGuid":"0"}}},"location":"EventChannel"}
{"timestamp":"2026-05-02T08:33:13.902+0000","rule":{"level":3,"description":"Software protection service scheduled successfully.","id":"60642","firedtimes":5,"mail":false,"groups":["windows","windows_application"]},"agent":{"id":"002","name":"WINDOWS-AGENT","ip":"172.20.10.2"},"manager":{"name":"wale"},"id":"1777710793.197421","decoder":{"name":"windows_eventchannel"},"data":{"win":{"system":{"providerName":"Microsoft-Windows-Security-SPP","providerGuid":"{E23B33B0-C8C9-472C-A5F9-F2BDFEA0F156}","eventSourceName":"Software Protection Platform Service","eventID":"16384","version":"0","level":"4","task":"0","opcode":"0","keywords":"0x80000000000000","systemTime":"2026-05-02T08:33:04.7333001Z","eventRecordID":"1547","processID":"31264","threadID":"0","channel":"Application","computer":"Null","severityValue":"INFORMATION","message":"\"Successfully scheduled Software Protection service for re-start at 2126-04-08T08:33:04Z. Reason: RulesEngine.\""},"eventdata":{"data":"2126-04-08T08:33:04Z, RulesEngine"}}},"location":"EventChannel"}
{"timestamp":"2026-05-02T08:33:14.571+0000","rule":{"level":3,"description":"Service startup type was changed","id":"61104","info":"This does not appear to be logged on Windows 2000","firedtimes":1,"mail":false,"groups":["windows","windows_system","policy_changed"],"pci_dss":["10.6"],"gdpr":["IV_35.7.d"],"hipaa":["164.312.b"],"nist_800_53":["AU.6"],"tsc":["CC6.1","CC6.8","CC7.2","CC7.3"]},"agent":{"id":"002","name":"WINDOWS-AGENT","ip":"172.20.10.2"},"manager":{"name":"wale"},"id":"1777710794.199007","decoder":{"name":"windows_eventchannel"},"data":{"win":{"system":{"providerName":"Service Control Manager","providerGuid":"{555908d1-a6d7-4695-8e1e-26931d2012f4}","eventSourceName":"Service Control Manager","eventID":"7040","version":"0","level":"4","task":"0","opcode":"0","keywords":"0x8080000000000000","systemTime":"2026-05-02T08:25:45.1733877Z","eventRecordID":"2030","processID":"1256","threadID":"3084","channel":"System","computer":"Null","severityValue":"INFORMATION","message":"\"The start type of the Background Intelligent Transfer Service service was changed from demand start to auto start.\""},"eventdata":{"param1":"Background Intelligent Transfer Service","param2":"demand start","param3":"auto start","param4":"BITS"}}},"location":"EventChannel"}
{"timestamp":"2026-05-02T08:33:14.583+0000","rule":{"level":5,"description":"Windows System error event","id":"61102","firedtimes":1,"mail":false,"groups":["windows","windows_system","system_error"],"gpg13":["4.3"],"gdpr":["IV_35.7.d"]},"agent":{"id":"002","name":"WINDOWS-AGENT","ip":"172.20.10.2"},"manager":{"name":"wale"},"id":"1777710794.200824","decoder":{"name":"windows_eventchannel"},"data":{"win":{"system":{"providerName":"Microsoft-Windows-TPM-WMI","providerGuid":"{7d5387b0-cbe0-11da-a94d-0800200c9a66}","eventID":"1796","version":"3","level":"2","task":"0","opcode":"0","keywords":"0x8000000000000000","systemTime":"2026-05-02T08:25:52.7144984Z","eventRecordID":"2035","processID":"19928","threadID":"29052","channel":"System","computer":"Null","severityValue":"ERROR","message":"\"The Secure Boot update failed to update SBAT with error Unknown HResult Error code: 0x800700c1. For more information, please see https://go.microsoft.com/fwlink/?linkid=2169931\""},"eventdata":{"updateType":"SBAT","hResult":"-1878589247"}}},"location":"EventChannel"}
