{"timestamp":"2026-05-02T00:00:05.404+0000","rule":{"level":5,"description":"Logon Failure - Unknown user or bad password","id":"60122","mitre":{"id":["T1531"],"tactic":["Impact"],"technique":["Account Access Removal"]},"firedtimes":1,"mail":false,"groups":["windows","windows_security","authentication_failed"],"pci_dss":["10.2.4","10.2.5"],"gpg13":["7.1"],"gdpr":["IV_35.7.d","IV_32.2"],"hipaa":["164.312.b"],"nist_800_53":["AU.14","AC.7"],"tsc":["CC6.1","CC6.8","CC7.2","CC7.3"]},"agent":{"id":"002","name":"WINDOWS-AGENT","ip":"172.20.10.2"},"manager":{"name":"wale"},"id":"1777680005.0","decoder":{"name":"windows_eventchannel"},"data":{"win":{"system":{"providerName":"Microsoft-Windows-Security-Auditing","providerGuid":"{54849625-5478-4994-a5ba-3e3b0328c30d}","eventID":"4625","version":"0","level":"0","task":"12544","opcode":"0","keywords":"0x8010000000000000","systemTime":"2026-05-02T00:00:04.6366998Z","eventRecordID":"24697","processID":"1284","threadID":"1904","channel":"Security","computer":"Null","severityValue":"AUDIT_FAILURE","message":"\"An account failed to log on.\r\n\r\nSubject:\r\n\tSecurity ID:\t\tS-1-5-18\r\n\tAccount Name:\t\tNULL$\r\n\tAccount Domain:\t\tWORKGROUP\r\n\tLogon ID:\t\t0x3E7\r\n\r\nLogon Type:\t\t\t2\r\n\r\nAccount For Which Logon Failed:\r\n\tSecurity ID:\t\tS-1-0-0\r\n\tAccount Name:\t\tNull\r\n\tAccount Domain:\t\tNULL\r\n\r\nFailure Information:\r\n\tFailure Reason:\t\tUnknown user name or bad password.\r\n\tStatus:\t\t\t0xC000006D\r\n\tSub Status:\t\t0xC000006A\r\n\r\nProcess Information:\r\n\tCaller Process ID:\t0xa00\r\n\tCaller Process Name:\tC:\\Windows\\System32\\svchost.exe\r\n\r\nNetwork Information:\r\n\tWorkstation Name:\tNULL\r\n\tSource Network Address:\t127.0.0.1\r\n\tSource Port:\t\t0\r\n\r\nDetailed Authentication Information:\r\n\tLogon Process:\t\tUser32 \r\n\tAuthentication Package:\tNegotiate\r\n\tTransited Services:\t-\r\n\tPackage Name (NTLM only):\t-\r\n\tKey Length:\t\t0\r\n\r\nThis event is generated when a logon request fails. It is generated on the computer where access was attempted.\r\n\r\nThe Subject fields indicate the account on the local system which requested the logon. This is most commonly a service such as the Server service, or a local process such as Winlogon.exe or Services.exe.\r\n\r\nThe Logon Type field indicates the kind of logon that was requested. The most common types are 2 (interactive) and 3 (network).\r\n\r\nThe Process Information fields indicate which account and process on the system requested the logon.\r\n\r\nThe Network Information fields indicate where a remote logon request originated. Workstation name is not always available and may be left blank in some cases.\r\n\r\nThe authentication information fields provide detailed information about this specific logon request.\r\n\t- Transited services indicate which intermediate services have participated in this logon request.\r\n\t- Package name indicates which sub-protocol was used among the NTLM protocols.\r\n\t- Key length indicates the length of the generated session key. This will be 0 if no session key was requested.\""},"eventdata":{"subjectUserSid":"S-1-5-18","subjectUserName":"NULL$","subjectDomainName":"WORKGROUP","subjectLogonId":"0x3e7","targetUserSid":"S-1-0-0","targetUserName":"Null","targetDomainName":"NULL","status":"0xc000006d","failureReason":"%%2313","subStatus":"0xc000006a","logonType":"2","logonProcessName":"User32","authenticationPackageName":"Negotiate","workstationName":"NULL","keyLength":"0","processId":"0xa00","processName":"C:\\\\Windows\\\\System32\\\\svchost.exe","ipAddress":"127.0.0.1","ipPort":"0"}}},"location":"EventChannel"}
{"timestamp":"2026-05-02T00:00:09.978+0000","rule":{"level":3,"description":"Windows Workstation Logon Success","id":"60118","mitre":{"id":["T1078"],"tactic":["Defense Evasion","Persistence","Privilege Escalation","Initial Access"],"technique":["Valid Accounts"]},"firedtimes":1,"mail":false,"groups":["windows","windows_security","authentication_success"],"pci_dss":["10.2.5"],"gpg13":["7.1","7.2"],"gdpr":["IV_32.2"],"hipaa":["164.312.b"],"nist_800_53":["AU.14","AC.9"],"tsc":["CC6.8","CC7.2","CC7.3"]},"agent":{"id":"002","name":"WINDOWS-AGENT","ip":"172.20.10.2"},"manager":{"name":"wale"},"id":"1777680009.6477","decoder":{"name":"windows_eventchannel"},"data":{"win":{"system":{"providerName":"Microsoft-Windows-Security-Auditing","providerGuid":"{54849625-5478-4994-a5ba-3e3b0328c30d}","eventID":"4624","version":"3","level":"0","task":"12544","opcode":"0","keywords":"0x8020000000000000","systemTime":"2026-05-02T00:00:09.5062094Z","eventRecordID":"24701","processID":"1284","threadID":"1904","channel":"Security","computer":"Null","severityValue":"AUDIT_SUCCESS","message":"\"An account was successfully logged on.\r\n\r\nSubject:\r\n\tSecurity ID:\t\tS-1-5-18\r\n\tAccount Name:\t\tNULL$\r\n\tAccount Domain:\t\tWORKGROUP\r\n\tLogon ID:\t\t0x3E7\r\n\r\nLogon Information:\r\n\tLogon Type:\t\t2\r\n\tRestricted Admin Mode:\t-\r\n\tRemote Credential Guard:\t-\r\n\tVirtual Account:\t\tNo\r\n\tElevated Token:\t\tYes\r\n\r\nImpersonation Level:\t\tImpersonation\r\n\r\nNew Logon:\r\n\tSecurity ID:\t\tS-1-5-21-3307996533-2132614736-1388974220-1001\r\n\tAccount Name:\t\tNull\r\n\tAccount Domain:\t\tNULL\r\n\tLogon ID:\t\t0x219A9204\r\n\tLinked Logon ID:\t\t0x219A9249\r\n\tNetwork Account Name:\t-\r\n\tNetwork Account Domain:\t-\r\n\tLogon GUID:\t\t{00000000-0000-0000-0000-000000000000}\r\n\r\nProcess Information:\r\n\tProcess ID:\t\t0xa00\r\n\tProcess Name:\t\tC:\\Windows\\System32\\svchost.exe\r\n\r\nNetwork Information:\r\n\tWorkstation Name:\tNULL\r\n\tSource Network Address:\t127.0.0.1\r\n\tSource Port:\t\t0\r\n\r\nDetailed Authentication Information:\r\n\tLogon Process:\t\tUser32 \r\n\tAuthentication Package:\tNegotiate\r\n\tTransited Services:\t-\r\n\tPackage Name (NTLM only):\t-\r\n\tKey Length:\t\t0\r\n\r\nThis event is generated when a logon session is created. It is generated on the computer that was accessed.\r\n\r\nThe subject fields indicate the account on the local system which requested the logon. This is most commonly a service such as the Server service, or a local process such as Winlogon.exe or Services.exe.\r\n\r\nThe logon type field indicates the kind of logon that occurred. The most common types are 2 (interactive) and 3 (network).\r\n\r\nThe New Logon fields indicate the account for whom the new logon was created, i.e. the account that was logged on.\r\n\r\nThe network fields indicate where a remote logon request originated. Workstation name is not always available and may be left blank in some cases.\r\n\r\nThe impersonation level field indicates the extent to which a process in the logon session can impersonate.\r\n\r\nThe authentication information fields provide detailed information about this specific logon request.\r\n\t- Logon GUID is a unique identifier that can be used to correlate this event with a KDC event.\r\n\t- Transited services indicate which intermediate services have participated in this logon request.\r\n\t- Package name indicates which sub-protocol was used among the NTLM protocols.\r\n\t- Key length indicates the length of the generated session key. This will be 0 if no session key was requested.\""},"eventdata":{"subjectUserSid":"S-1-5-18","subjectUserName":"NULL$","subjectDomainName":"WORKGROUP","subjectLogonId":"0x3e7","targetUserSid":"S-1-5-21-3307996533-2132614736-1388974220-1001","targetUserName":"Null","targetDomainName":"NULL","targetLogonId":"0x219a9204","logonType":"2","logonProcessName":"User32","authenticationPackageName":"Negotiate","workstationName":"NULL","logonGuid":"{00000000-0000-0000-0000-000000000000}","keyLength":"0","processId":"0xa00","processName":"C:\\\\Windows\\\\System32\\\\svchost.exe","ipAddress":"127.0.0.1","ipPort":"0","impersonationLevel":"%%1833","virtualAccount":"%%1843","targetLinkedLogonId":"0x219a9249","elevatedToken":"%%1842"}}},"location":"EventChannel"}
{"timestamp":"2026-05-02T00:00:09.979+0000","rule":{"level":3,"description":"Windows Workstation Logon Success","id":"60118","mitre":{"id":["T1078"],"tactic":["Defense Evasion","Persistence","Privilege Escalation","Initial Access"],"technique":["Valid Accounts"]},"firedtimes":2,"mail":false,"groups":["windows","windows_security","authentication_success"],"pci_dss":["10.2.5"],"gpg13":["7.1","7.2"],"gdpr":["IV_32.2"],"hipaa":["164.312.b"],"nist_800_53":["AU.14","AC.9"],"tsc":["CC6.8","CC7.2","CC7.3"]},"agent":{"id":"002","name":"WINDOWS-AGENT","ip":"172.20.10.2"},"manager":{"name":"wale"},"id":"1777680009.14146","decoder":{"name":"windows_eventchannel"},"data":{"win":{"system":{"providerName":"Microsoft-Windows-Security-Auditing","providerGuid":"{54849625-5478-4994-a5ba-3e3b0328c30d}","eventID":"4624","version":"3","level":"0","task":"12544","opcode":"0","keywords":"0x8020000000000000","systemTime":"2026-05-02T00:00:09.5062277Z","eventRecordID":"24702","processID":"1284","threadID":"1904","channel":"Security","computer":"Null","severityValue":"AUDIT_SUCCESS","message":"\"An account was successfully logged on.\r\n\r\nSubject:\r\n\tSecurity ID:\t\tS-1-5-18\r\n\tAccount Name:\t\tNULL$\r\n\tAccount Domain:\t\tWORKGROUP\r\n\tLogon ID:\t\t0x3E7\r\n\r\nLogon Information:\r\n\tLogon Type:\t\t2\r\n\tRestricted Admin Mode:\t-\r\n\tRemote Credential Guard:\t-\r\n\tVirtual Account:\t\tNo\r\n\tElevated Token:\t\tNo\r\n\r\nImpersonation Level:\t\tImpersonation\r\n\r\nNew Logon:\r\n\tSecurity ID:\t\tS-1-5-21-3307996533-2132614736-1388974220-1001\r\n\tAccount Name:\t\tNull\r\n\tAccount Domain:\t\tNULL\r\n\tLogon ID:\t\t0x219A9249\r\n\tLinked Logon ID:\t\t0x219A9204\r\n\tNetwork Account Name:\t-\r\n\tNetwork Account Domain:\t-\r\n\tLogon GUID:\t\t{00000000-0000-0000-0000-000000000000}\r\n\r\nProcess Information:\r\n\tProcess ID:\t\t0xa00\r\n\tProcess Name:\t\tC:\\Windows\\System32\\svchost.exe\r\n\r\nNetwork Information:\r\n\tWorkstation Name:\tNULL\r\n\tSource Network Address:\t127.0.0.1\r\n\tSource Port:\t\t0\r\n\r\nDetailed Authentication Information:\r\n\tLogon Process:\t\tUser32 \r\n\tAuthentication Package:\tNegotiate\r\n\tTransited Services:\t-\r\n\tPackage Name (NTLM only):\t-\r\n\tKey Length:\t\t0\r\n\r\nThis event is generated when a logon session is created. It is generated on the computer that was accessed.\r\n\r\nThe subject fields indicate the account on the local system which requested the logon. This is most commonly a service such as the Server service, or a local process such as Winlogon.exe or Services.exe.\r\n\r\nThe logon type field indicates the kind of logon that occurred. The most common types are 2 (interactive) and 3 (network).\r\n\r\nThe New Logon fields indicate the account for whom the new logon was created, i.e. the account that was logged on.\r\n\r\nThe network fields indicate where a remote logon request originated. Workstation name is not always available and may be left blank in some cases.\r\n\r\nThe impersonation level field indicates the extent to which a process in the logon session can impersonate.\r\n\r\nThe authentication information fields provide detailed information about this specific logon request.\r\n\t- Logon GUID is a unique identifier that can be used to correlate this event with a KDC event.\r\n\t- Transited services indicate which intermediate services have participated in this logon request.\r\n\t- Package name indicates which sub-protocol was used among the NTLM protocols.\r\n\t- Key length indicates the length of the generated session key. This will be 0 if no session key was requested.\""},"eventdata":{"subjectUserSid":"S-1-5-18","subjectUserName":"NULL$","subjectDomainName":"WORKGROUP","subjectLogonId":"0x3e7","targetUserSid":"S-1-5-21-3307996533-2132614736-1388974220-1001","targetUserName":"Null","targetDomainName":"NULL","targetLogonId":"0x219a9249","logonType":"2","logonProcessName":"User32","authenticationPackageName":"Negotiate","workstationName":"NULL","logonGuid":"{00000000-0000-0000-0000-000000000000}","keyLength":"0","processId":"0xa00","processName":"C:\\\\Windows\\\\System32\\\\svchost.exe","ipAddress":"127.0.0.1","ipPort":"0","impersonationLevel":"%%1833","virtualAccount":"%%1843","targetLinkedLogonId":"0x219a9204","elevatedToken":"%%1843"}}},"location":"EventChannel"}
{"timestamp":"2026-05-02T00:00:09.981+0000","rule":{"level":3,"description":"Special privileges assigned to new logon.","id":"67028","mitre":{"id":["T1484"],"tactic":["Defense Evasion","Privilege Escalation"],"technique":["Domain Policy Modification"]},"firedtimes":1,"mail":false,"groups":["windows"," WEF"]},"agent":{"id":"002","name":"WINDOWS-AGENT","ip":"172.20.10.2"},"manager":{"name":"wale"},"id":"1777680009.21814","decoder":{"name":"windows_eventchannel"},"data":{"win":{"system":{"providerName":"Microsoft-Windows-Security-Auditing","providerGuid":"{54849625-5478-4994-a5ba-3e3b0328c30d}","eventID":"4672","version":"0","level":"0","task":"12548","opcode":"0","keywords":"0x8020000000000000","systemTime":"2026-05-02T00:00:09.5062341Z","eventRecordID":"24703","processID":"1284","threadID":"1904","channel":"Security","computer":"Null","severityValue":"AUDIT_SUCCESS","message":"\"Special privileges assigned to new logon.\r\n\r\nSubject:\r\n\tSecurity ID:\t\tS-1-5-21-3307996533-2132614736-1388974220-1001\r\n\tAccount Name:\t\tNull\r\n\tAccount Domain:\t\tNULL\r\n\tLogon ID:\t\t0x219A9204\r\n\r\nPrivileges:\t\tSeSecurityPrivilege\r\n\t\t\tSeTakeOwnershipPrivilege\r\n\t\t\tSeLoadDriverPrivilege\r\n\t\t\tSeBackupPrivilege\r\n\t\t\tSeRestorePrivilege\r\n\t\t\tSeDebugPrivilege\r\n\t\t\tSeSystemEnvironmentPrivilege\r\n\t\t\tSeImpersonatePrivilege\r\n\t\t\tSeDelegateSessionUserImpersonatePrivilege\""},"eventdata":{"subjectUserSid":"S-1-5-21-3307996533-2132614736-1388974220-1001","subjectUserName":"Null","subjectDomainName":"NULL","subjectLogonId":"0x219a9204","privilegeList":"SeSecurityPrivilege     SeTakeOwnershipPrivilege     SeLoadDriverPrivilege     SeBackupPrivilege     SeRestorePrivilege     SeDebugPrivilege     SeSystemEnvironmentPrivilege     SeImpersonatePrivilege     SeDelegateSessionUserImpersonatePrivilege"}}},"location":"EventChannel"}
{"timestamp":"2026-05-02T00:00:09.986+0000","rule":{"level":3,"description":"Non service account logged off.","id":"67023","firedtimes":1,"mail":false,"groups":["windows"," WEF"]},"agent":{"id":"002","name":"WINDOWS-AGENT","ip":"172.20.10.2"},"manager":{"name":"wale"},"id":"1777680009.24809","decoder":{"name":"windows_eventchannel"},"data":{"win":{"system":{"providerName":"Microsoft-Windows-Security-Auditing","providerGuid":"{54849625-5478-4994-a5ba-3e3b0328c30d}","eventID":"4634","version":"0","level":"0","task":"12545","opcode":"0","keywords":"0x8020000000000000","systemTime":"2026-05-02T00:00:09.5088432Z","eventRecordID":"24705","processID":"1284","threadID":"25876","channel":"Security","computer":"Null","severityValue":"AUDIT_SUCCESS","message":"\"An account was logged off.\r\n\r\nSubject:\r\n\tSecurity ID:\t\tS-1-5-21-3307996533-2132614736-1388974220-1001\r\n\tAccount Name:\t\tNull\r\n\tAccount Domain:\t\tNULL\r\n\tLogon ID:\t\t0x219A9204\r\n\r\nLogon Type:\t\t\t2\r\n\r\nThis event is generated when a logon session is destroyed. It may be positively correlated with a logon event using the Logon ID value. Logon IDs are only unique between reboots on the same computer.\""},"eventdata":{"targetUserSid":"S-1-5-21-3307996533-2132614736-1388974220-1001","targetUserName":"Null","targetDomainName":"NULL","targetLogonId":"0x219a9204","logonType":"2"}}},"location":"EventChannel"}
{"timestamp":"2026-05-02T00:00:09.988+0000","rule":{"level":3,"description":"Non service account logged off.","id":"67023","firedtimes":2,"mail":false,"groups":["windows"," WEF"]},"agent":{"id":"002","name":"WINDOWS-AGENT","ip":"172.20.10.2"},"manager":{"name":"wale"},"id":"1777680009.27143","decoder":{"name":"windows_eventchannel"},"data":{"win":{"system":{"providerName":"Microsoft-Windows-Security-Auditing","providerGuid":"{54849625-5478-4994-a5ba-3e3b0328c30d}","eventID":"4634","version":"0","level":"0","task":"12545","opcode":"0","keywords":"0x8020000000000000","systemTime":"2026-05-02T00:00:09.5087732Z","eventRecordID":"24704","processID":"1284","threadID":"25876","channel":"Security","computer":"Null","severityValue":"AUDIT_SUCCESS","message":"\"An account was logged off.\r\n\r\nSubject:\r\n\tSecurity ID:\t\tS-1-5-21-3307996533-2132614736-1388974220-1001\r\n\tAccount Name:\t\tNull\r\n\tAccount Domain:\t\tNULL\r\n\tLogon ID:\t\t0x219A9249\r\n\r\nLogon Type:\t\t\t2\r\n\r\nThis event is generated when a logon session is destroyed. It may be positively correlated with a logon event using the Logon ID value. Logon IDs are only unique between reboots on the same computer.\""},"eventdata":{"targetUserSid":"S-1-5-21-3307996533-2132614736-1388974220-1001","targetUserName":"Null","targetDomainName":"NULL","targetLogonId":"0x219a9249","logonType":"2"}}},"location":"EventChannel"}
{"timestamp":"2026-05-02T00:04:10.520+0000","rule":{"level":5,"description":"Logon Failure - Unknown user or bad password","id":"60122","mitre":{"id":["T1531"],"tactic":["Impact"],"technique":["Account Access Removal"]},"firedtimes":2,"mail":false,"groups":["windows","windows_security","authentication_failed"],"pci_dss":["10.2.4","10.2.5"],"gpg13":["7.1"],"gdpr":["IV_35.7.d","IV_32.2"],"hipaa":["164.312.b"],"nist_800_53":["AU.14","AC.7"],"tsc":["CC6.1","CC6.8","CC7.2","CC7.3"]},"agent":{"id":"002","name":"WINDOWS-AGENT","ip":"172.20.10.2"},"manager":{"name":"wale"},"id":"1777680250.29477","decoder":{"name":"windows_eventchannel"},"data":{"win":{"system":{"providerName":"Microsoft-Windows-Security-Auditing","providerGuid":"{54849625-5478-4994-a5ba-3e3b0328c30d}","eventID":"4625","version":"0","level":"0","task":"12544","opcode":"0","keywords":"0x8010000000000000","systemTime":"2026-05-02T00:04:09.8874905Z","eventRecordID":"24832","processID":"1284","threadID":"1396","channel":"Security","computer":"Null","severityValue":"AUDIT_FAILURE","message":"\"An account failed to log on.\r\n\r\nSubject:\r\n\tSecurity ID:\t\tS-1-5-21-3307996533-2132614736-1388974220-1001\r\n\tAccount Name:\t\tNull\r\n\tAccount Domain:\t\tNULL\r\n\tLogon ID:\t\t0x3302D\r\n\r\nLogon Type:\t\t\t2\r\n\r\nAccount For Which Logon Failed:\r\n\tSecurity ID:\t\tS-1-0-0\r\n\tAccount Name:\t\tfakeadmin\r\n\tAccount Domain:\t\tNULL\r\n\r\nFailure Information:\r\n\tFailure Reason:\t\tUnknown user name or bad password.\r\n\tStatus:\t\t\t0xC000006D\r\n\tSub Status:\t\t0xC0000064\r\n\r\nProcess Information:\r\n\tCaller Process ID:\t0x77ec\r\n\tCaller Process Name:\tC:\\Windows\\System32\\svchost.exe\r\n\r\nNetwork Information:\r\n\tWorkstation Name:\tNULL\r\n\tSource Network Address:\t::1\r\n\tSource Port:\t\t0\r\n\r\nDetailed Authentication Information:\r\n\tLogon Process:\t\tseclogo\r\n\tAuthentication Package:\tNegotiate\r\n\tTransited Services:\t-\r\n\tPackage Name (NTLM only):\t-\r\n\tKey Length:\t\t0\r\n\r\nThis event is generated when a logon request fails. It is generated on the computer where access was attempted.\r\n\r\nThe Subject fields indicate the account on the local system which requested the logon. This is most commonly a service such as the Server service, or a local process such as Winlogon.exe or Services.exe.\r\n\r\nThe Logon Type field indicates the kind of logon that was requested. The most common types are 2 (interactive) and 3 (network).\r\n\r\nThe Process Information fields indicate which account and process on the system requested the logon.\r\n\r\nThe Network Information fields indicate where a remote logon request originated. Workstation name is not always available and may be left blank in some cases.\r\n\r\nThe authentication information fields provide detailed information about this specific logon request.\r\n\t- Transited services indicate which intermediate services have participated in this logon request.\r\n\t- Package name indicates which sub-protocol was used among the NTLM protocols.\r\n\t- Key length indicates the length of the generated session key. This will be 0 if no session key was requested.\""},"eventdata":{"subjectUserSid":"S-1-5-21-3307996533-2132614736-1388974220-1001","subjectUserName":"Null","subjectDomainName":"NULL","subjectLogonId":"0x3302d","targetUserSid":"S-1-0-0","targetUserName":"fakeadmin","targetDomainName":"NULL","status":"0xc000006d","failureReason":"%%2313","subStatus":"0xc0000064","logonType":"2","logonProcessName":"seclogo","authenticationPackageName":"Negotiate","workstationName":"NULL","keyLength":"0","processId":"0x77ec","processName":"C:\\\\Windows\\\\System32\\\\svchost.exe","ipAddress":"::1","ipPort":"0"}}},"location":"EventChannel"}
{"timestamp":"2026-05-02T00:04:11.684+0000","rule":{"level":5,"description":"Logon Failure - Unknown user or bad password","id":"60122","mitre":{"id":["T1531"],"tactic":["Impact"],"technique":["Account Access Removal"]},"firedtimes":3,"mail":false,"groups":["windows","windows_security","authentication_failed"],"pci_dss":["10.2.4","10.2.5"],"gpg13":["7.1"],"gdpr":["IV_35.7.d","IV_32.2"],"hipaa":["164.312.b"],"nist_800_53":["AU.14","AC.7"],"tsc":["CC6.1","CC6.8","CC7.2","CC7.3"]},"agent":{"id":"002","name":"WINDOWS-AGENT","ip":"172.20.10.2"},"manager":{"name":"wale"},"id":"1777680251.36096","decoder":{"name":"windows_eventchannel"},"data":{"win":{"system":{"providerName":"Microsoft-Windows-Security-Auditing","providerGuid":"{54849625-5478-4994-a5ba-3e3b0328c30d}","eventID":"4625","version":"0","level":"0","task":"12544","opcode":"0","keywords":"0x8010000000000000","systemTime":"2026-05-02T00:04:10.9221484Z","eventRecordID":"24833","processID":"1284","threadID":"1396","channel":"Security","computer":"Null","severityValue":"AUDIT_FAILURE","message":"\"An account failed to log on.\r\n\r\nSubject:\r\n\tSecurity ID:\t\tS-1-5-21-3307996533-2132614736-1388974220-1001\r\n\tAccount Name:\t\tNull\r\n\tAccount Domain:\t\tNULL\r\n\tLogon ID:\t\t0x3302D\r\n\r\nLogon Type:\t\t\t2\r\n\r\nAccount For Which Logon Failed:\r\n\tSecurity ID:\t\tS-1-0-0\r\n\tAccount Name:\t\tfakeadmin\r\n\tAccount Domain:\t\tNULL\r\n\r\nFailure Information:\r\n\tFailure Reason:\t\tUnknown user name or bad password.\r\n\tStatus:\t\t\t0xC000006D\r\n\tSub Status:\t\t0xC0000064\r\n\r\nProcess Information:\r\n\tCaller Process ID:\t0x77ec\r\n\tCaller Process Name:\tC:\\Windows\\System32\\svchost.exe\r\n\r\nNetwork Information:\r\n\tWorkstation Name:\tNULL\r\n\tSource Network Address:\t::1\r\n\tSource Port:\t\t0\r\n\r\nDetailed Authentication Information:\r\n\tLogon Process:\t\tseclogo\r\n\tAuthentication Package:\tNegotiate\r\n\tTransited Services:\t-\r\n\tPackage Name (NTLM only):\t-\r\n\tKey Length:\t\t0\r\n\r\nThis event is generated when a logon request fails. It is generated on the computer where access was attempted.\r\n\r\nThe Subject fields indicate the account on the local system which requested the logon. This is most commonly a service such as the Server service, or a local process such as Winlogon.exe or Services.exe.\r\n\r\nThe Logon Type field indicates the kind of logon that was requested. The most common types are 2 (interactive) and 3 (network).\r\n\r\nThe Process Information fields indicate which account and process on the system requested the logon.\r\n\r\nThe Network Information fields indicate where a remote logon request originated. Workstation name is not always available and may be left blank in some cases.\r\n\r\nThe authentication information fields provide detailed information about this specific logon request.\r\n\t- Transited services indicate which intermediate services have participated in this logon request.\r\n\t- Package name indicates which sub-protocol was used among the NTLM protocols.\r\n\t- Key length indicates the length of the generated session key. This will be 0 if no session key was requested.\""},"eventdata":{"subjectUserSid":"S-1-5-21-3307996533-2132614736-1388974220-1001","subjectUserName":"Null","subjectDomainName":"NULL","subjectLogonId":"0x3302d","targetUserSid":"S-1-0-0","targetUserName":"fakeadmin","targetDomainName":"NULL","status":"0xc000006d","failureReason":"%%2313","subStatus":"0xc0000064","logonType":"2","logonProcessName":"seclogo","authenticationPackageName":"Negotiate","workstationName":"NULL","keyLength":"0","processId":"0x77ec","processName":"C:\\\\Windows\\\\System32\\\\svchost.exe","ipAddress":"::1","ipPort":"0"}}},"location":"EventChannel"}
{"timestamp":"2026-05-02T00:04:12.690+0000","rule":{"level":5,"description":"Logon Failure - Unknown user or bad password","id":"60122","mitre":{"id":["T1531"],"tactic":["Impact"],"technique":["Account Access Removal"]},"firedtimes":4,"mail":false,"groups":["windows","windows_security","authentication_failed"],"pci_dss":["10.2.4","10.2.5"],"gpg13":["7.1"],"gdpr":["IV_35.7.d","IV_32.2"],"hipaa":["164.312.b"],"nist_800_53":["AU.14","AC.7"],"tsc":["CC6.1","CC6.8","CC7.2","CC7.3"]},"agent":{"id":"002","name":"WINDOWS-AGENT","ip":"172.20.10.2"},"manager":{"name":"wale"},"id":"1777680252.42715","decoder":{"name":"windows_eventchannel"},"data":{"win":{"system":{"providerName":"Microsoft-Windows-Security-Auditing","providerGuid":"{54849625-5478-4994-a5ba-3e3b0328c30d}","eventID":"4625","version":"0","level":"0","task":"12544","opcode":"0","keywords":"0x8010000000000000","systemTime":"2026-05-02T00:04:11.9272456Z","eventRecordID":"24834","processID":"1284","threadID":"1396","channel":"Security","computer":"Null","severityValue":"AUDIT_FAILURE","message":"\"An account failed to log on.\r\n\r\nSubject:\r\n\tSecurity ID:\t\tS-1-5-21-3307996533-2132614736-1388974220-1001\r\n\tAccount Name:\t\tNull\r\n\tAccount Domain:\t\tNULL\r\n\tLogon ID:\t\t0x3302D\r\n\r\nLogon Type:\t\t\t2\r\n\r\nAccount For Which Logon Failed:\r\n\tSecurity ID:\t\tS-1-0-0\r\n\tAccount Name:\t\tfakeadmin\r\n\tAccount Domain:\t\tNULL\r\n\r\nFailure Information:\r\n\tFailure Reason:\t\tUnknown user name or bad password.\r\n\tStatus:\t\t\t0xC000006D\r\n\tSub Status:\t\t0xC0000064\r\n\r\nProcess Information:\r\n\tCaller Process ID:\t0x77ec\r\n\tCaller Process Name:\tC:\\Windows\\System32\\svchost.exe\r\n\r\nNetwork Information:\r\n\tWorkstation Name:\tNULL\r\n\tSource Network Address:\t::1\r\n\tSource Port:\t\t0\r\n\r\nDetailed Authentication Information:\r\n\tLogon Process:\t\tseclogo\r\n\tAuthentication Package:\tNegotiate\r\n\tTransited Services:\t-\r\n\tPackage Name (NTLM only):\t-\r\n\tKey Length:\t\t0\r\n\r\nThis event is generated when a logon request fails. It is generated on the computer where access was attempted.\r\n\r\nThe Subject fields indicate the account on the local system which requested the logon. This is most commonly a service such as the Server service, or a local process such as Winlogon.exe or Services.exe.\r\n\r\nThe Logon Type field indicates the kind of logon that was requested. The most common types are 2 (interactive) and 3 (network).\r\n\r\nThe Process Information fields indicate which account and process on the system requested the logon.\r\n\r\nThe Network Information fields indicate where a remote logon request originated. Workstation name is not always available and may be left blank in some cases.\r\n\r\nThe authentication information fields provide detailed information about this specific logon request.\r\n\t- Transited services indicate which intermediate services have participated in this logon request.\r\n\t- Package name indicates which sub-protocol was used among the NTLM protocols.\r\n\t- Key length indicates the length of the generated session key. This will be 0 if no session key was requested.\""},"eventdata":{"subjectUserSid":"S-1-5-21-3307996533-2132614736-1388974220-1001","subjectUserName":"Null","subjectDomainName":"NULL","subjectLogonId":"0x3302d","targetUserSid":"S-1-0-0","targetUserName":"fakeadmin","targetDomainName":"NULL","status":"0xc000006d","failureReason":"%%2313","subStatus":"0xc0000064","logonType":"2","logonProcessName":"seclogo","authenticationPackageName":"Negotiate","workstationName":"NULL","keyLength":"0","processId":"0x77ec","processName":"C:\\\\Windows\\\\System32\\\\svchost.exe","ipAddress":"::1","ipPort":"0"}}},"location":"EventChannel"}
{"timestamp":"2026-05-02T00:04:13.697+0000","rule":{"level":5,"description":"Logon Failure - Unknown user or bad password","id":"60122","mitre":{"id":["T1531"],"tactic":["Impact"],"technique":["Account Access Removal"]},"firedtimes":5,"mail":false,"groups":["windows","windows_security","authentication_failed"],"pci_dss":["10.2.4","10.2.5"],"gpg13":["7.1"],"gdpr":["IV_35.7.d","IV_32.2"],"hipaa":["164.312.b"],"nist_800_53":["AU.14","AC.7"],"tsc":["CC6.1","CC6.8","CC7.2","CC7.3"]},"agent":{"id":"002","name":"WINDOWS-AGENT","ip":"172.20.10.2"},"manager":{"name":"wale"},"id":"1777680253.49334","decoder":{"name":"windows_eventchannel"},"data":{"win":{"system":{"providerName":"Microsoft-Windows-Security-Auditing","providerGuid":"{54849625-5478-4994-a5ba-3e3b0328c30d}","eventID":"4625","version":"0","level":"0","task":"12544","opcode":"0","keywords":"0x8010000000000000","systemTime":"2026-05-02T00:04:12.9335033Z","eventRecordID":"24835","processID":"1284","threadID":"1396","channel":"Security","computer":"Null","severityValue":"AUDIT_FAILURE","message":"\"An account failed to log on.\r\n\r\nSubject:\r\n\tSecurity ID:\t\tS-1-5-21-3307996533-2132614736-1388974220-1001\r\n\tAccount Name:\t\tNull\r\n\tAccount Domain:\t\tNULL\r\n\tLogon ID:\t\t0x3302D\r\n\r\nLogon Type:\t\t\t2\r\n\r\nAccount For Which Logon Failed:\r\n\tSecurity ID:\t\tS-1-0-0\r\n\tAccount Name:\t\tfakeadmin\r\n\tAccount Domain:\t\tNULL\r\n\r\nFailure Information:\r\n\tFailure Reason:\t\tUnknown user name or bad password.\r\n\tStatus:\t\t\t0xC000006D\r\n\tSub Status:\t\t0xC0000064\r\n\r\nProcess Information:\r\n\tCaller Process ID:\t0x77ec\r\n\tCaller Process Name:\tC:\\Windows\\System32\\svchost.exe\r\n\r\nNetwork Information:\r\n\tWorkstation Name:\tNULL\r\n\tSource Network Address:\t::1\r\n\tSource Port:\t\t0\r\n\r\nDetailed Authentication Information:\r\n\tLogon Process:\t\tseclogo\r\n\tAuthentication Package:\tNegotiate\r\n\tTransited Services:\t-\r\n\tPackage Name (NTLM only):\t-\r\n\tKey Length:\t\t0\r\n\r\nThis event is generated when a logon request fails. It is generated on the computer where access was attempted.\r\n\r\nThe Subject fields indicate the account on the local system which requested the logon. This is most commonly a service such as the Server service, or a local process such as Winlogon.exe or Services.exe.\r\n\r\nThe Logon Type field indicates the kind of logon that was requested. The most common types are 2 (interactive) and 3 (network).\r\n\r\nThe Process Information fields indicate which account and process on the system requested the logon.\r\n\r\nThe Network Information fields indicate where a remote logon request originated. Workstation name is not always available and may be left blank in some cases.\r\n\r\nThe authentication information fields provide detailed information about this specific logon request.\r\n\t- Transited services indicate which intermediate services have participated in this logon request.\r\n\t- Package name indicates which sub-protocol was used among the NTLM protocols.\r\n\t- Key length indicates the length of the generated session key. This will be 0 if no session key was requested.\""},"eventdata":{"subjectUserSid":"S-1-5-21-3307996533-2132614736-1388974220-1001","subjectUserName":"Null","subjectDomainName":"NULL","subjectLogonId":"0x3302d","targetUserSid":"S-1-0-0","targetUserName":"fakeadmin","targetDomainName":"NULL","status":"0xc000006d","failureReason":"%%2313","subStatus":"0xc0000064","logonType":"2","logonProcessName":"seclogo","authenticationPackageName":"Negotiate","workstationName":"NULL","keyLength":"0","processId":"0x77ec","processName":"C:\\\\Windows\\\\System32\\\\svchost.exe","ipAddress":"::1","ipPort":"0"}}},"location":"EventChannel"}
{"timestamp":"2026-05-02T00:04:14.702+0000","rule":{"level":5,"description":"Logon Failure - Unknown user or bad password","id":"60122","mitre":{"id":["T1531"],"tactic":["Impact"],"technique":["Account Access Removal"]},"firedtimes":6,"mail":false,"groups":["windows","windows_security","authentication_failed"],"pci_dss":["10.2.4","10.2.5"],"gpg13":["7.1"],"gdpr":["IV_35.7.d","IV_32.2"],"hipaa":["164.312.b"],"nist_800_53":["AU.14","AC.7"],"tsc":["CC6.1","CC6.8","CC7.2","CC7.3"]},"agent":{"id":"002","name":"WINDOWS-AGENT","ip":"172.20.10.2"},"manager":{"name":"wale"},"id":"1777680254.55953","decoder":{"name":"windows_eventchannel"},"data":{"win":{"system":{"providerName":"Microsoft-Windows-Security-Auditing","providerGuid":"{54849625-5478-4994-a5ba-3e3b0328c30d}","eventID":"4625","version":"0","level":"0","task":"12544","opcode":"0","keywords":"0x8010000000000000","systemTime":"2026-05-02T00:04:13.9386696Z","eventRecordID":"24836","processID":"1284","threadID":"1396","channel":"Security","computer":"Null","severityValue":"AUDIT_FAILURE","message":"\"An account failed to log on.\r\n\r\nSubject:\r\n\tSecurity ID:\t\tS-1-5-21-3307996533-2132614736-1388974220-1001\r\n\tAccount Name:\t\tNull\r\n\tAccount Domain:\t\tNULL\r\n\tLogon ID:\t\t0x3302D\r\n\r\nLogon Type:\t\t\t2\r\n\r\nAccount For Which Logon Failed:\r\n\tSecurity ID:\t\tS-1-0-0\r\n\tAccount Name:\t\tfakeadmin\r\n\tAccount Domain:\t\tNULL\r\n\r\nFailure Information:\r\n\tFailure Reason:\t\tUnknown user name or bad password.\r\n\tStatus:\t\t\t0xC000006D\r\n\tSub Status:\t\t0xC0000064\r\n\r\nProcess Information:\r\n\tCaller Process ID:\t0x77ec\r\n\tCaller Process Name:\tC:\\Windows\\System32\\svchost.exe\r\n\r\nNetwork Information:\r\n\tWorkstation Name:\tNULL\r\n\tSource Network Address:\t::1\r\n\tSource Port:\t\t0\r\n\r\nDetailed Authentication Information:\r\n\tLogon Process:\t\tseclogo\r\n\tAuthentication Package:\tNegotiate\r\n\tTransited Services:\t-\r\n\tPackage Name (NTLM only):\t-\r\n\tKey Length:\t\t0\r\n\r\nThis event is generated when a logon request fails. It is generated on the computer where access was attempted.\r\n\r\nThe Subject fields indicate the account on the local system which requested the logon. This is most commonly a service such as the Server service, or a local process such as Winlogon.exe or Services.exe.\r\n\r\nThe Logon Type field indicates the kind of logon that was requested. The most common types are 2 (interactive) and 3 (network).\r\n\r\nThe Process Information fields indicate which account and process on the system requested the logon.\r\n\r\nThe Network Information fields indicate where a remote logon request originated. Workstation name is not always available and may be left blank in some cases.\r\n\r\nThe authentication information fields provide detailed information about this specific logon request.\r\n\t- Transited services indicate which intermediate services have participated in this logon request.\r\n\t- Package name indicates which sub-protocol was used among the NTLM protocols.\r\n\t- Key length indicates the length of the generated session key. This will be 0 if no session key was requested.\""},"eventdata":{"subjectUserSid":"S-1-5-21-3307996533-2132614736-1388974220-1001","subjectUserName":"Null","subjectDomainName":"NULL","subjectLogonId":"0x3302d","targetUserSid":"S-1-0-0","targetUserName":"fakeadmin","targetDomainName":"NULL","status":"0xc000006d","failureReason":"%%2313","subStatus":"0xc0000064","logonType":"2","logonProcessName":"seclogo","authenticationPackageName":"Negotiate","workstationName":"NULL","keyLength":"0","processId":"0x77ec","processName":"C:\\\\Windows\\\\System32\\\\svchost.exe","ipAddress":"::1","ipPort":"0"}}},"location":"EventChannel"}
{"timestamp":"2026-05-02T00:07:56.803+0000","rule":{"level":5,"description":"A Windows log file was cleared","id":"63104","mitre":{"id":["T1070"],"tactic":["Defense Evasion"],"technique":["Indicator Removal"]},"firedtimes":1,"mail":false,"groups":["windows","windows_logs","log_clearing"],"gpg13":["10.1"],"gdpr":["II_5.1.f"]},"agent":{"id":"002","name":"WINDOWS-AGENT","ip":"172.20.10.2"},"manager":{"name":"wale"},"id":"1777680476.62572","decoder":{"name":"windows_eventchannel"},"data":{"win":{"system":{"providerName":"Microsoft-Windows-Eventlog","providerGuid":"{fc65ddd8-d6ef-4962-83d5-6e5cfe9ce148}","eventID":"104","version":"1","level":"4","task":"104","opcode":"0","keywords":"0x8000000000000000","systemTime":"2026-05-02T00:07:57.0399014Z","eventRecordID":"1984","processID":"3076","threadID":"30116","channel":"System","computer":"Null","severityValue":"INFORMATION","message":"\"The Application log file was cleared.\""},"logFileCleared":{"subjectUserName":"Null","subjectDomainName":"NULL","channel":"Application","clientProcessId":"25824","clientProcessStartKey":"1970324837081593"}}},"location":"EventChannel"}
