{"timestamp":"2026-05-02T00:14:41.823+0000","rule":{"level":3,"description":"PAM: Login session opened.","id":"5501","mitre":{"id":["T1078"],"tactic":["Defense Evasion","Persistence","Privilege Escalation","Initial Access"],"technique":["Valid Accounts"]},"firedtimes":1,"mail":false,"groups":["pam","syslog","authentication_success"],"pci_dss":["10.2.5"],"gpg13":["7.8","7.9"],"gdpr":["IV_32.2"],"hipaa":["164.312.b"],"nist_800_53":["AU.14","AC.7"],"tsc":["CC6.8","CC7.2","CC7.3"]},"agent":{"id":"000","name":"wale"},"manager":{"name":"wale"},"id":"1777680881.64171","full_log":"May 02 00:14:40 wale sudo[11120]: pam_unix(sudo:session): session opened for user root(uid=0) by wale(uid=1000)","predecoder":{"program_name":"sudo","timestamp":"May 02 00:14:40","hostname":"wale"},"decoder":{"parent":"pam","name":"pam"},"data":{"srcuser":"wale","dstuser":"root","uid":"1000"},"location":"journald"}
{"timestamp":"2026-05-02T00:14:41.823+0000","rule":{"level":3,"description":"Successful sudo to ROOT executed.","id":"5402","mitre":{"id":["T1548.003"],"tactic":["Privilege Escalation","Defense Evasion"],"technique":["Sudo and Sudo Caching"]},"firedtimes":1,"mail":false,"groups":["syslog","sudo"],"pci_dss":["10.2.5","10.2.2"],"gpg13":["7.6","7.8","7.13"],"gdpr":["IV_32.2"],"hipaa":["164.312.b"],"nist_800_53":["AU.14","AC.7","AC.6"],"tsc":["CC6.8","CC7.2","CC7.3"]},"agent":{"id":"000","name":"wale"},"manager":{"name":"wale"},"id":"1777680881.64587","full_log":"May 02 00:14:40 wale sudo[11120]: wale : TTY=/dev/pts/0 ; PWD=/home/wale ; USER=root ; COMMAND=/usr/bin/systemctl status wazuh-manager","predecoder":{"program_name":"sudo","timestamp":"May 02 00:14:40","hostname":"wale"},"decoder":{"parent":"sudo","name":"sudo","ftscomment":"First time user executed the sudo command"},"data":{"srcuser":"wale","dstuser":"root","tty":"/dev/pts/0","pwd":"/home/wale","command":"/usr/bin/systemctl status wazuh-manager"},"location":"journald"}
{"timestamp":"2026-05-02T00:14:53.834+0000","rule":{"level":3,"description":"PAM: Login session closed.","id":"5502","firedtimes":1,"mail":false,"groups":["pam","syslog"],"pci_dss":["10.2.5"],"gpg13":["7.8","7.9"],"gdpr":["IV_32.2"],"hipaa":["164.312.b"],"nist_800_53":["AU.14","AC.7"],"tsc":["CC6.8","CC7.2","CC7.3"]},"agent":{"id":"000","name":"wale"},"manager":{"name":"wale"},"id":"1777680893.65125","full_log":"May 02 00:14:51 wale sudo[11120]: pam_unix(sudo:session): session closed for user root","predecoder":{"program_name":"sudo","timestamp":"May 02 00:14:51","hostname":"wale"},"decoder":{"parent":"pam","name":"pam"},"data":{"dstuser":"root"},"location":"journald"}
{"timestamp":"2026-05-02T00:15:05.877+0000","rule":{"level":3,"description":"Successful sudo to ROOT executed.","id":"5402","mitre":{"id":["T1548.003"],"tactic":["Privilege Escalation","Defense Evasion"],"technique":["Sudo and Sudo Caching"]},"firedtimes":2,"mail":false,"groups":["syslog","sudo"],"pci_dss":["10.2.5","10.2.2"],"gpg13":["7.6","7.8","7.13"],"gdpr":["IV_32.2"],"hipaa":["164.312.b"],"nist_800_53":["AU.14","AC.7","AC.6"],"tsc":["CC6.8","CC7.2","CC7.3"]},"agent":{"id":"000","name":"wale"},"manager":{"name":"wale"},"id":"1777680905.65483","full_log":"May 02 00:15:04 wale sudo[11136]: wale : TTY=/dev/pts/0 ; PWD=/home/wale ; USER=root ; COMMAND=/usr/bin/tail -f /var/ossec/logs/ossec.log","predecoder":{"program_name":"sudo","timestamp":"May 02 00:15:04","hostname":"wale"},"decoder":{"parent":"sudo","name":"sudo","ftscomment":"First time user executed the sudo command"},"data":{"srcuser":"wale","dstuser":"root","tty":"/dev/pts/0","pwd":"/home/wale","command":"/usr/bin/tail -f /var/ossec/logs/ossec.log"},"location":"journald"}
{"timestamp":"2026-05-02T00:15:05.877+0000","rule":{"level":3,"description":"PAM: Login session opened.","id":"5501","mitre":{"id":["T1078"],"tactic":["Defense Evasion","Persistence","Privilege Escalation","Initial Access"],"technique":["Valid Accounts"]},"firedtimes":2,"mail":false,"groups":["pam","syslog","authentication_success"],"pci_dss":["10.2.5"],"gpg13":["7.8","7.9"],"gdpr":["IV_32.2"],"hipaa":["164.312.b"],"nist_800_53":["AU.14","AC.7"],"tsc":["CC6.8","CC7.2","CC7.3"]},"agent":{"id":"000","name":"wale"},"manager":{"name":"wale"},"id":"1777680905.66027","full_log":"May 02 00:15:04 wale sudo[11136]: pam_unix(sudo:session): session opened for user root(uid=0) by wale(uid=1000)","predecoder":{"program_name":"sudo","timestamp":"May 02 00:15:04","hostname":"wale"},"decoder":{"parent":"pam","name":"pam"},"data":{"srcuser":"wale","dstuser":"root","uid":"1000"},"location":"journald"}
{"timestamp":"2026-05-02T00:19:21.034+0000","rule":{"level":3,"description":"PAM: Login session closed.","id":"5502","firedtimes":2,"mail":false,"groups":["pam","syslog"],"pci_dss":["10.2.5"],"gpg13":["7.8","7.9"],"gdpr":["IV_32.2"],"hipaa":["164.312.b"],"nist_800_53":["AU.14","AC.7"],"tsc":["CC6.8","CC7.2","CC7.3"]},"agent":{"id":"000","name":"wale"},"manager":{"name":"wale"},"id":"1777681161.66443","full_log":"May 02 00:19:19 wale sudo[11136]: pam_unix(sudo:session): session closed for user root","predecoder":{"program_name":"sudo","timestamp":"May 02 00:19:19","hostname":"wale"},"decoder":{"parent":"pam","name":"pam"},"data":{"dstuser":"root"},"location":"journald"}
{"timestamp":"2026-05-02T00:25:32.774+0000","rule":{"level":3,"description":"PAM: Login session opened.","id":"5501","mitre":{"id":["T1078"],"tactic":["Defense Evasion","Persistence","Privilege Escalation","Initial Access"],"technique":["Valid Accounts"]},"firedtimes":3,"mail":false,"groups":["pam","syslog","authentication_success"],"pci_dss":["10.2.5"],"gpg13":["7.8","7.9"],"gdpr":["IV_32.2"],"hipaa":["164.312.b"],"nist_800_53":["AU.14","AC.7"],"tsc":["CC6.8","CC7.2","CC7.3"]},"agent":{"id":"000","name":"wale"},"manager":{"name":"wale"},"id":"1777681532.66801","full_log":"May 02 00:25:31 wale sudo[11194]: pam_unix(sudo:session): session opened for user root(uid=0) by wale(uid=1000)","predecoder":{"program_name":"sudo","timestamp":"May 02 00:25:31","hostname":"wale"},"decoder":{"parent":"pam","name":"pam"},"data":{"srcuser":"wale","dstuser":"root","uid":"1000"},"location":"journald"}
{"timestamp":"2026-05-02T00:25:32.775+0000","rule":{"level":3,"description":"Successful sudo to ROOT executed.","id":"5402","mitre":{"id":["T1548.003"],"tactic":["Privilege Escalation","Defense Evasion"],"technique":["Sudo and Sudo Caching"]},"firedtimes":3,"mail":false,"groups":["syslog","sudo"],"pci_dss":["10.2.5","10.2.2"],"gpg13":["7.6","7.8","7.13"],"gdpr":["IV_32.2"],"hipaa":["164.312.b"],"nist_800_53":["AU.14","AC.7","AC.6"],"tsc":["CC6.8","CC7.2","CC7.3"]},"agent":{"id":"000","name":"wale"},"manager":{"name":"wale"},"id":"1777681532.67217","full_log":"May 02 00:25:31 wale sudo[11194]: wale : TTY=/dev/pts/0 ; PWD=/home/wale ; USER=root ; COMMAND=/usr/bin/tail -f /var/ossec/logs/alerts/alerts.json","predecoder":{"program_name":"sudo","timestamp":"May 02 00:25:31","hostname":"wale"},"decoder":{"parent":"sudo","name":"sudo","ftscomment":"First time user executed the sudo command"},"data":{"srcuser":"wale","dstuser":"root","tty":"/dev/pts/0","pwd":"/home/wale","command":"/usr/bin/tail -f /var/ossec/logs/alerts/alerts.json"},"location":"journald"}
{"timestamp":"2026-05-02T00:25:51.824+0000","rule":{"level":5,"description":"File added to the system.","id":"554","firedtimes":1,"mail":false,"groups":["ossec","syscheck","syscheck_entry_added","syscheck_file"],"pci_dss":["11.5"],"gpg13":["4.11"],"gdpr":["II_5.1.f"],"hipaa":["164.312.c.1","164.312.c.2"],"nist_800_53":["SI.7"],"tsc":["PI1.4","PI1.5","CC6.1","CC6.8","CC7.2","CC7.3"]},"agent":{"id":"002","name":"WINDOWS-AGENT","ip":"172.20.10.2"},"manager":{"name":"wale"},"id":"1777681551.67779","full_log":"File 'c:\\users\\null\\downloads\\wazuh-test\\new text document.txt' added\nMode: realtime\n","syscheck":{"path":"c:\\users\\null\\downloads\\wazuh-test\\new text document.txt","mode":"realtime","size_after":"0","win_perm_after":[{"name":"SYSTEM","allowed":["DELETE","READ_CONTROL","WRITE_DAC","WRITE_OWNER","SYNCHRONIZE","READ_DATA","WRITE_DATA","APPEND_DATA","READ_EA","WRITE_EA","EXECUTE","READ_ATTRIBUTES","WRITE_ATTRIBUTES"]},{"name":"Administrators","allowed":["DELETE","READ_CONTROL","WRITE_DAC","WRITE_OWNER","SYNCHRONIZE","READ_DATA","WRITE_DATA","APPEND_DATA","READ_EA","WRITE_EA","EXECUTE","READ_ATTRIBUTES","WRITE_ATTRIBUTES"]},{"name":"Null","allowed":["DELETE","READ_CONTROL","WRITE_DAC","WRITE_OWNER","SYNCHRONIZE","READ_DATA","WRITE_DATA","APPEND_DATA","READ_EA","WRITE_EA","EXECUTE","READ_ATTRIBUTES","WRITE_ATTRIBUTES"]}],"uid_after":"S-1-5-21-3307996533-2132614736-1388974220-1001","md5_after":"d41d8cd98f00b204e9800998ecf8427e","sha1_after":"da39a3ee5e6b4b0d3255bfef95601890afd80709","sha256_after":"e3b0c44298fc1c149afbf4c8996fb92427ae41e4649b934ca495991b7852b855","attrs_after":["ARCHIVE"],"uname_after":"Null","mtime_after":"2026-05-02T00:25:52","event":"added"},"decoder":{"name":"syscheck_new_entry"},"location":"syscheck"}
{"timestamp":"2026-05-02T00:26:12.188+0000","rule":{"level":7,"description":"File deleted.","id":"553","mitre":{"id":["T1070.004","T1485"],"tactic":["Defense Evasion","Impact"],"technique":["File Deletion","Data Destruction"]},"firedtimes":1,"mail":false,"groups":["ossec","syscheck","syscheck_entry_deleted","syscheck_file"],"pci_dss":["11.5"],"gpg13":["4.11"],"gdpr":["II_5.1.f"],"hipaa":["164.312.c.1","164.312.c.2"],"nist_800_53":["SI.7"],"tsc":["PI1.4","PI1.5","CC6.1","CC6.8","CC7.2","CC7.3"]},"agent":{"id":"002","name":"WINDOWS-AGENT","ip":"172.20.10.2"},"manager":{"name":"wale"},"id":"1777681572.69047","full_log":"File 'c:\\users\\null\\downloads\\wazuh-test\\new text document.txt' deleted\nMode: realtime\n","syscheck":{"path":"c:\\users\\null\\downloads\\wazuh-test\\new text document.txt","mode":"realtime","size_after":"0","win_perm_after":[{"name":"SYSTEM","allowed":["DELETE","READ_CONTROL","WRITE_DAC","WRITE_OWNER","SYNCHRONIZE","READ_DATA","WRITE_DATA","APPEND_DATA","READ_EA","WRITE_EA","EXECUTE","READ_ATTRIBUTES","WRITE_ATTRIBUTES"]},{"name":"Administrators","allowed":["DELETE","READ_CONTROL","WRITE_DAC","WRITE_OWNER","SYNCHRONIZE","READ_DATA","WRITE_DATA","APPEND_DATA","READ_EA","WRITE_EA","EXECUTE","READ_ATTRIBUTES","WRITE_ATTRIBUTES"]},{"name":"Null","allowed":["DELETE","READ_CONTROL","WRITE_DAC","WRITE_OWNER","SYNCHRONIZE","READ_DATA","WRITE_DATA","APPEND_DATA","READ_EA","WRITE_EA","EXECUTE","READ_ATTRIBUTES","WRITE_ATTRIBUTES"]}],"uid_after":"S-1-5-21-3307996533-2132614736-1388974220-1001","md5_after":"d41d8cd98f00b204e9800998ecf8427e","sha1_after":"da39a3ee5e6b4b0d3255bfef95601890afd80709","sha256_after":"e3b0c44298fc1c149afbf4c8996fb92427ae41e4649b934ca495991b7852b855","attrs_after":["ARCHIVE"],"uname_after":"Null","mtime_after":"2026-05-02T00:25:52","event":"deleted"},"decoder":{"name":"syscheck_deleted"},"location":"syscheck"}
{"timestamp":"2026-05-02T00:26:12.228+0000","rule":{"level":5,"description":"File added to the system.","id":"554","firedtimes":2,"mail":false,"groups":["ossec","syscheck","syscheck_entry_added","syscheck_file"],"pci_dss":["11.5"],"gpg13":["4.11"],"gdpr":["II_5.1.f"],"hipaa":["164.312.c.1","164.312.c.2"],"nist_800_53":["SI.7"],"tsc":["PI1.4","PI1.5","CC6.1","CC6.8","CC7.2","CC7.3"]},"agent":{"id":"002","name":"WINDOWS-AGENT","ip":"172.20.10.2"},"manager":{"name":"wale"},"id":"1777681572.70307","full_log":"File 'c:\\users\\null\\downloads\\wazuh-test\\cheatcode.txt' added\nMode: realtime\n","syscheck":{"path":"c:\\users\\null\\downloads\\wazuh-test\\cheatcode.txt","mode":"realtime","size_after":"0","win_perm_after":[{"name":"SYSTEM","allowed":["DELETE","READ_CONTROL","WRITE_DAC","WRITE_OWNER","SYNCHRONIZE","READ_DATA","WRITE_DATA","APPEND_DATA","READ_EA","WRITE_EA","EXECUTE","READ_ATTRIBUTES","WRITE_ATTRIBUTES"]},{"name":"Administrators","allowed":["DELETE","READ_CONTROL","WRITE_DAC","WRITE_OWNER","SYNCHRONIZE","READ_DATA","WRITE_DATA","APPEND_DATA","READ_EA","WRITE_EA","EXECUTE","READ_ATTRIBUTES","WRITE_ATTRIBUTES"]},{"name":"Null","allowed":["DELETE","READ_CONTROL","WRITE_DAC","WRITE_OWNER","SYNCHRONIZE","READ_DATA","WRITE_DATA","APPEND_DATA","READ_EA","WRITE_EA","EXECUTE","READ_ATTRIBUTES","WRITE_ATTRIBUTES"]}],"uid_after":"S-1-5-21-3307996533-2132614736-1388974220-1001","md5_after":"d41d8cd98f00b204e9800998ecf8427e","sha1_after":"da39a3ee5e6b4b0d3255bfef95601890afd80709","sha256_after":"e3b0c44298fc1c149afbf4c8996fb92427ae41e4649b934ca495991b7852b855","attrs_after":["ARCHIVE"],"uname_after":"Null","mtime_after":"2026-05-02T00:25:52","event":"added"},"decoder":{"name":"syscheck_new_entry"},"location":"syscheck"}
{"timestamp":"2026-05-02T00:26:13.868+0000","rule":{"level":7,"description":"File deleted.","id":"553","mitre":{"id":["T1070.004","T1485"],"tactic":["Defense Evasion","Impact"],"technique":["File Deletion","Data Destruction"]},"firedtimes":2,"mail":false,"groups":["ossec","syscheck","syscheck_entry_deleted","syscheck_file"],"pci_dss":["11.5"],"gpg13":["4.11"],"gdpr":["II_5.1.f"],"hipaa":["164.312.c.1","164.312.c.2"],"nist_800_53":["SI.7"],"tsc":["PI1.4","PI1.5","CC6.1","CC6.8","CC7.2","CC7.3"]},"agent":{"id":"002","name":"WINDOWS-AGENT","ip":"172.20.10.2"},"manager":{"name":"wale"},"id":"1777681573.71567","full_log":"File 'c:\\users\\null\\downloads\\wazuh-test\\cheatcode.txt' deleted\nMode: realtime\n","syscheck":{"path":"c:\\users\\null\\downloads\\wazuh-test\\cheatcode.txt","mode":"realtime","size_after":"0","win_perm_after":[{"name":"SYSTEM","allowed":["DELETE","READ_CONTROL","WRITE_DAC","WRITE_OWNER","SYNCHRONIZE","READ_DATA","WRITE_DATA","APPEND_DATA","READ_EA","WRITE_EA","EXECUTE","READ_ATTRIBUTES","WRITE_ATTRIBUTES"]},{"name":"Administrators","allowed":["DELETE","READ_CONTROL","WRITE_DAC","WRITE_OWNER","SYNCHRONIZE","READ_DATA","WRITE_DATA","APPEND_DATA","READ_EA","WRITE_EA","EXECUTE","READ_ATTRIBUTES","WRITE_ATTRIBUTES"]},{"name":"Null","allowed":["DELETE","READ_CONTROL","WRITE_DAC","WRITE_OWNER","SYNCHRONIZE","READ_DATA","WRITE_DATA","APPEND_DATA","READ_EA","WRITE_EA","EXECUTE","READ_ATTRIBUTES","WRITE_ATTRIBUTES"]}],"uid_after":"S-1-5-21-3307996533-2132614736-1388974220-1001","md5_after":"d41d8cd98f00b204e9800998ecf8427e","sha1_after":"da39a3ee5e6b4b0d3255bfef95601890afd80709","sha256_after":"e3b0c44298fc1c149afbf4c8996fb92427ae41e4649b934ca495991b7852b855","attrs_after":["ARCHIVE"],"uname_after":"Null","mtime_after":"2026-05-02T00:25:52","event":"deleted"},"decoder":{"name":"syscheck_deleted"},"location":"syscheck"}
{"timestamp":"2026-05-02T08:33:11.598+0000","rule":{"level":3,"description":"Windows Workstation Logon Success","id":"60118","mitre":{"id":["T1078"],"tactic":["Defense Evasion","Persistence","Privilege Escalation","Initial Access"],"technique":["Valid Accounts"]},"firedtimes":1,"mail":false,"groups":["windows","windows_security","authentication_success"],"pci_dss":["10.2.5"],"gpg13":["7.1","7.2"],"gdpr":["IV_32.2"],"hipaa":["164.312.b"],"nist_800_53":["AU.14","AC.9"],"tsc":["CC6.8","CC7.2","CC7.3"]},"agent":{"id":"002","name":"WINDOWS-AGENT","ip":"172.20.10.2"},"manager":{"name":"wale"},"id":"1777710791.72819","decoder":{"name":"windows_eventchannel"},"data":{"win":{"system":{"providerName":"Microsoft-Windows-Security-Auditing","providerGuid":"{54849625-5478-4994-a5ba-3e3b0328c30d}","eventID":"4624","version":"3","level":"0","task":"12544","opcode":"0","keywords":"0x8020000000000000","systemTime":"2026-05-02T08:31:46.1995232Z","eventRecordID":"25442","processID":"1284","threadID":"25876","channel":"Security","computer":"Null","severityValue":"AUDIT_SUCCESS","message":"\"An account was successfully logged on.\r\n\r\nSubject:\r\n\tSecurity ID:\t\tS-1-5-18\r\n\tAccount Name:\t\tNULL$\r\n\tAccount Domain:\t\tWORKGROUP\r\n\tLogon ID:\t\t0x3E7\r\n\r\nLogon Information:\r\n\tLogon Type:\t\t2\r\n\tRestricted Admin Mode:\t-\r\n\tRemote Credential Guard:\t-\r\n\tVirtual Account:\t\tNo\r\n\tElevated Token:\t\tYes\r\n\r\nImpersonation Level:\t\tImpersonation\r\n\r\nNew Logon:\r\n\tSecurity ID:\t\tS-1-5-21-3307996533-2132614736-1388974220-1001\r\n\tAccount Name:\t\tNull\r\n\tAccount Domain:\t\tNULL\r\n\tLogon ID:\t\t0x22CE7F3F\r\n\tLinked Logon ID:\t\t0x22CE7FEF\r\n\tNetwork Account Name:\t-\r\n\tNetwork Account Domain:\t-\r\n\tLogon GUID:\t\t{00000000-0000-0000-0000-000000000000}\r\n\r\nProcess Information:\r\n\tProcess ID:\t\t0xa00\r\n\tProcess Name:\t\tC:\\Windows\\System32\\svchost.exe\r\n\r\nNetwork Information:\r\n\tWorkstation Name:\tNULL\r\n\tSource Network Address:\t127.0.0.1\r\n\tSource Port:\t\t0\r\n\r\nDetailed Authentication Information:\r\n\tLogon Process:\t\tUser32 \r\n\tAuthentication Package:\tNegotiate\r\n\tTransited Services:\t-\r\n\tPackage Name (NTLM only):\t-\r\n\tKey Length:\t\t0\r\n\r\nThis event is generated when a logon session is created. It is generated on the computer that was accessed.\r\n\r\nThe subject fields indicate the account on the local system which requested the logon. This is most commonly a service such as the Server service, or a local process such as Winlogon.exe or Services.exe.\r\n\r\nThe logon type field indicates the kind of logon that occurred. The most common types are 2 (interactive) and 3 (network).\r\n\r\nThe New Logon fields indicate the account for whom the new logon was created, i.e. the account that was logged on.\r\n\r\nThe network fields indicate where a remote logon request originated. Workstation name is not always available and may be left blank in some cases.\r\n\r\nThe impersonation level field indicates the extent to which a process in the logon session can impersonate.\r\n\r\nThe authentication information fields provide detailed information about this specific logon request.\r\n\t- Logon GUID is a unique identifier that can be used to correlate this event with a KDC event.\r\n\t- Transited services indicate which intermediate services have participated in this logon request.\r\n\t- Package name indicates which sub-protocol was used among the NTLM protocols.\r\n\t- Key length indicates the length of the generated session key. This will be 0 if no session key was requested.\""},"eventdata":{"subjectUserSid":"S-1-5-18","subjectUserName":"NULL$","subjectDomainName":"WORKGROUP","subjectLogonId":"0x3e7","targetUserSid":"S-1-5-21-3307996533-2132614736-1388974220-1001","targetUserName":"Null","targetDomainName":"NULL","targetLogonId":"0x22ce7f3f","logonType":"2","logonProcessName":"User32","authenticationPackageName":"Negotiate","workstationName":"NULL","logonGuid":"{00000000-0000-0000-0000-000000000000}","keyLength":"0","processId":"0xa00","processName":"C:\\\\Windows\\\\System32\\\\svchost.exe","ipAddress":"127.0.0.1","ipPort":"0","impersonationLevel":"%%1833","virtualAccount":"%%1843","targetLinkedLogonId":"0x22ce7fef","elevatedToken":"%%1842"}}},"location":"EventChannel"}
{"timestamp":"2026-05-02T08:33:11.600+0000","rule":{"level":3,"description":"Windows Workstation Logon Success","id":"60118","mitre":{"id":["T1078"],"tactic":["Defense Evasion","Persistence","Privilege Escalation","Initial Access"],"technique":["Valid Accounts"]},"firedtimes":2,"mail":false,"groups":["windows","windows_security","authentication_success"],"pci_dss":["10.2.5"],"gpg13":["7.1","7.2"],"gdpr":["IV_32.2"],"hipaa":["164.312.b"],"nist_800_53":["AU.14","AC.9"],"tsc":["CC6.8","CC7.2","CC7.3"]},"agent":{"id":"002","name":"WINDOWS-AGENT","ip":"172.20.10.2"},"manager":{"name":"wale"},"id":"1777710791.80491","decoder":{"name":"windows_eventchannel"},"data":{"win":{"system":{"providerName":"Microsoft-Windows-Security-Auditing","providerGuid":"{54849625-5478-4994-a5ba-3e3b0328c30d}","eventID":"4624","version":"3","level":"0","task":"12544","opcode":"0","keywords":"0x8020000000000000","systemTime":"2026-05-02T08:31:46.1995381Z","eventRecordID":"25443","processID":"1284","threadID":"25876","channel":"Security","computer":"Null","severityValue":"AUDIT_SUCCESS","message":"\"An account was successfully logged on.\r\n\r\nSubject:\r\n\tSecurity ID:\t\tS-1-5-18\r\n\tAccount Name:\t\tNULL$\r\n\tAccount Domain:\t\tWORKGROUP\r\n\tLogon ID:\t\t0x3E7\r\n\r\nLogon Information:\r\n\tLogon Type:\t\t2\r\n\tRestricted Admin Mode:\t-\r\n\tRemote Credential Guard:\t-\r\n\tVirtual Account:\t\tNo\r\n\tElevated Token:\t\tNo\r\n\r\nImpersonation Level:\t\tImpersonation\r\n\r\nNew Logon:\r\n\tSecurity ID:\t\tS-1-5-21-3307996533-2132614736-1388974220-1001\r\n\tAccount Name:\t\tNull\r\n\tAccount Domain:\t\tNULL\r\n\tLogon ID:\t\t0x22CE7FEF\r\n\tLinked Logon ID:\t\t0x22CE7F3F\r\n\tNetwork Account Name:\t-\r\n\tNetwork Account Domain:\t-\r\n\tLogon GUID:\t\t{00000000-0000-0000-0000-000000000000}\r\n\r\nProcess Information:\r\n\tProcess ID:\t\t0xa00\r\n\tProcess Name:\t\tC:\\Windows\\System32\\svchost.exe\r\n\r\nNetwork Information:\r\n\tWorkstation Name:\tNULL\r\n\tSource Network Address:\t127.0.0.1\r\n\tSource Port:\t\t0\r\n\r\nDetailed Authentication Information:\r\n\tLogon Process:\t\tUser32 \r\n\tAuthentication Package:\tNegotiate\r\n\tTransited Services:\t-\r\n\tPackage Name (NTLM only):\t-\r\n\tKey Length:\t\t0\r\n\r\nThis event is generated when a logon session is created. It is generated on the computer that was accessed.\r\n\r\nThe subject fields indicate the account on the local system which requested the logon. This is most commonly a service such as the Server service, or a local process such as Winlogon.exe or Services.exe.\r\n\r\nThe logon type field indicates the kind of logon that occurred. The most common types are 2 (interactive) and 3 (network).\r\n\r\nThe New Logon fields indicate the account for whom the new logon was created, i.e. the account that was logged on.\r\n\r\nThe network fields indicate where a remote logon request originated. Workstation name is not always available and may be left blank in some cases.\r\n\r\nThe impersonation level field indicates the extent to which a process in the logon session can impersonate.\r\n\r\nThe authentication information fields provide detailed information about this specific logon request.\r\n\t- Logon GUID is a unique identifier that can be used to correlate this event with a KDC event.\r\n\t- Transited services indicate which intermediate services have participated in this logon request.\r\n\t- Package name indicates which sub-protocol was used among the NTLM protocols.\r\n\t- Key length indicates the length of the generated session key. This will be 0 if no session key was requested.\""},"eventdata":{"subjectUserSid":"S-1-5-18","subjectUserName":"NULL$","subjectDomainName":"WORKGROUP","subjectLogonId":"0x3e7","targetUserSid":"S-1-5-21-3307996533-2132614736-1388974220-1001","targetUserName":"Null","targetDomainName":"NULL","targetLogonId":"0x22ce7fef","logonType":"2","logonProcessName":"User32","authenticationPackageName":"Negotiate","workstationName":"NULL","logonGuid":"{00000000-0000-0000-0000-000000000000}","keyLength":"0","processId":"0xa00","processName":"C:\\\\Windows\\\\System32\\\\svchost.exe","ipAddress":"127.0.0.1","ipPort":"0","impersonationLevel":"%%1833","virtualAccount":"%%1843","targetLinkedLogonId":"0x22ce7f3f","elevatedToken":"%%1843"}}},"location":"EventChannel"}
{"timestamp":"2026-05-02T08:33:11.604+0000","rule":{"level":3,"description":"Special privileges assigned to new logon.","id":"67028","mitre":{"id":["T1484"],"tactic":["Defense Evasion","Privilege Escalation"],"technique":["Domain Policy Modification"]},"firedtimes":1,"mail":false,"groups":["windows"," WEF"]},"agent":{"id":"002","name":"WINDOWS-AGENT","ip":"172.20.10.2"},"manager":{"name":"wale"},"id":"1777710791.88161","decoder":{"name":"windows_eventchannel"},"data":{"win":{"system":{"providerName":"Microsoft-Windows-Security-Auditing","providerGuid":"{54849625-5478-4994-a5ba-3e3b0328c30d}","eventID":"4672","version":"0","level":"0","task":"12548","opcode":"0","keywords":"0x8020000000000000","systemTime":"2026-05-02T08:31:46.1995438Z","eventRecordID":"25444","processID":"1284","threadID":"25876","channel":"Security","computer":"Null","severityValue":"AUDIT_SUCCESS","message":"\"Special privileges assigned to new logon.\r\n\r\nSubject:\r\n\tSecurity ID:\t\tS-1-5-21-3307996533-2132614736-1388974220-1001\r\n\tAccount Name:\t\tNull\r\n\tAccount Domain:\t\tNULL\r\n\tLogon ID:\t\t0x22CE7F3F\r\n\r\nPrivileges:\t\tSeSecurityPrivilege\r\n\t\t\tSeTakeOwnershipPrivilege\r\n\t\t\tSeLoadDriverPrivilege\r\n\t\t\tSeBackupPrivilege\r\n\t\t\tSeRestorePrivilege\r\n\t\t\tSeDebugPrivilege\r\n\t\t\tSeSystemEnvironmentPrivilege\r\n\t\t\tSeImpersonatePrivilege\r\n\t\t\tSeDelegateSessionUserImpersonatePrivilege\""},"eventdata":{"subjectUserSid":"S-1-5-21-3307996533-2132614736-1388974220-1001","subjectUserName":"Null","subjectDomainName":"NULL","subjectLogonId":"0x22ce7f3f","privilegeList":"SeSecurityPrivilege     SeTakeOwnershipPrivilege     SeLoadDriverPrivilege     SeBackupPrivilege     SeRestorePrivilege     SeDebugPrivilege     SeSystemEnvironmentPrivilege     SeImpersonatePrivilege     SeDelegateSessionUserImpersonatePrivilege"}}},"location":"EventChannel"}
{"timestamp":"2026-05-02T08:33:11.609+0000","rule":{"level":3,"description":"Non service account logged off.","id":"67023","firedtimes":1,"mail":false,"groups":["windows"," WEF"]},"agent":{"id":"002","name":"WINDOWS-AGENT","ip":"172.20.10.2"},"manager":{"name":"wale"},"id":"1777710791.91158","decoder":{"name":"windows_eventchannel"},"data":{"win":{"system":{"providerName":"Microsoft-Windows-Security-Auditing","providerGuid":"{54849625-5478-4994-a5ba-3e3b0328c30d}","eventID":"4634","version":"0","level":"0","task":"12545","opcode":"0","keywords":"0x8020000000000000","systemTime":"2026-05-02T08:31:46.2050406Z","eventRecordID":"25445","processID":"1284","threadID":"1904","channel":"Security","computer":"Null","severityValue":"AUDIT_SUCCESS","message":"\"An account was logged off.\r\n\r\nSubject:\r\n\tSecurity ID:\t\tS-1-5-21-3307996533-2132614736-1388974220-1001\r\n\tAccount Name:\t\tNull\r\n\tAccount Domain:\t\tNULL\r\n\tLogon ID:\t\t0x22CE7FEF\r\n\r\nLogon Type:\t\t\t2\r\n\r\nThis event is generated when a logon session is destroyed. It may be positively correlated with a logon event using the Logon ID value. Logon IDs are only unique between reboots on the same computer.\""},"eventdata":{"targetUserSid":"S-1-5-21-3307996533-2132614736-1388974220-1001","targetUserName":"Null","targetDomainName":"NULL","targetLogonId":"0x22ce7fef","logonType":"2"}}},"location":"EventChannel"}
{"timestamp":"2026-05-02T08:33:11.609+0000","rule":{"level":3,"description":"Non service account logged off.","id":"67023","firedtimes":2,"mail":false,"groups":["windows"," WEF"]},"agent":{"id":"002","name":"WINDOWS-AGENT","ip":"172.20.10.2"},"manager":{"name":"wale"},"id":"1777710791.93490","decoder":{"name":"windows_eventchannel"},"data":{"win":{"system":{"providerName":"Microsoft-Windows-Security-Auditing","providerGuid":"{54849625-5478-4994-a5ba-3e3b0328c30d}","eventID":"4634","version":"0","level":"0","task":"12545","opcode":"0","keywords":"0x8020000000000000","systemTime":"2026-05-02T08:31:46.2052429Z","eventRecordID":"25446","processID":"1284","threadID":"25876","channel":"Security","computer":"Null","severityValue":"AUDIT_SUCCESS","message":"\"An account was logged off.\r\n\r\nSubject:\r\n\tSecurity ID:\t\tS-1-5-21-3307996533-2132614736-1388974220-1001\r\n\tAccount Name:\t\tNull\r\n\tAccount Domain:\t\tNULL\r\n\tLogon ID:\t\t0x22CE7F3F\r\n\r\nLogon Type:\t\t\t2\r\n\r\nThis event is generated when a logon session is destroyed. It may be positively correlated with a logon event using the Logon ID value. Logon IDs are only unique between reboots on the same computer.\""},"eventdata":{"targetUserSid":"S-1-5-21-3307996533-2132614736-1388974220-1001","targetUserName":"Null","targetDomainName":"NULL","targetLogonId":"0x22ce7f3f","logonType":"2"}}},"location":"EventChannel"}
{"timestamp":"2026-05-02T08:33:13.799+0000","rule":{"level":3,"description":"Software protection service scheduled successfully.","id":"60642","firedtimes":1,"mail":false,"groups":["windows","windows_application"]},"agent":{"id":"002","name":"WINDOWS-AGENT","ip":"172.20.10.2"},"manager":{"name":"wale"},"id":"1777710793.95824","decoder":{"name":"windows_eventchannel"},"data":{"win":{"system":{"providerName":"Microsoft-Windows-Security-SPP","providerGuid":"{E23B33B0-C8C9-472C-A5F9-F2BDFEA0F156}","eventSourceName":"Software Protection Platform Service","eventID":"16384","version":"0","level":"4","task":"0","opcode":"0","keywords":"0x80000000000000","systemTime":"2026-05-02T00:51:13.5058291Z","eventRecordID":"1507","processID":"28352","threadID":"0","channel":"Application","computer":"Null","severityValue":"INFORMATION","message":"\"Successfully scheduled Software Protection service for re-start at 2126-04-08T00:51:13Z. Reason: RulesEngine.\""},"eventdata":{"data":"2126-04-08T00:51:13Z, RulesEngine"}}},"location":"EventChannel"}
{"timestamp":"2026-05-02T08:33:13.804+0000","rule":{"level":3,"description":"Software protection service scheduled successfully.","id":"60642","firedtimes":2,"mail":false,"groups":["windows","windows_application"]},"agent":{"id":"002","name":"WINDOWS-AGENT","ip":"172.20.10.2"},"manager":{"name":"wale"},"id":"1777710793.97409","decoder":{"name":"windows_eventchannel"},"data":{"win":{"system":{"providerName":"Microsoft-Windows-Security-SPP","providerGuid":"{E23B33B0-C8C9-472C-A5F9-F2BDFEA0F156}","eventSourceName":"Software Protection Platform Service","eventID":"16384","version":"0","level":"4","task":"0","opcode":"0","keywords":"0x80000000000000","systemTime":"2026-05-02T01:51:47.0431173Z","eventRecordID":"1509","processID":"20672","threadID":"0","channel":"Application","computer":"Null","severityValue":"INFORMATION","message":"\"Successfully scheduled Software Protection service for re-start at 2126-04-08T01:51:47Z. Reason: RulesEngine.\""},"eventdata":{"data":"2126-04-08T01:51:47Z, RulesEngine"}}},"location":"EventChannel"}
{"timestamp":"2026-05-02T08:33:13.818+0000","rule":{"level":4,"description":"Summary event of the report's signatures.","id":"60608","firedtimes":1,"mail":false,"groups":["windows","windows_application"]},"agent":{"id":"002","name":"WINDOWS-AGENT","ip":"172.20.10.2"},"manager":{"name":"wale"},"id":"1777710793.98994","decoder":{"name":"windows_eventchannel"},"data":{"win":{"system":{"providerName":"Windows Error Reporting","providerGuid":"{0ead09bd-2157-539a-8d6d-c87f95b64d70}","eventID":"1001","version":"0","level":"4","task":"0","opcode":"0","keywords":"0x8000000000000000","systemTime":"2026-05-02T02:22:16.5820361Z","eventRecordID":"1514","processID":"27060","threadID":"27568","channel":"Application","computer":"Null","severityValue":"INFORMATION","message":"\"Fault bucket , type 0\r\nEvent Name: LiveKernelEvent\r\nResponse: Not available\r\nCab Id: 0\r\n\r\nProblem signature:\r\nP1: 1a8\r\nP2: 1\r\nP3: 0\r\nP4: 0\r\nP5: 0\r\nP6: 10_0_26200\r\nP7: 0_0\r\nP8: 256_1\r\nP9: \r\nP10: \r\n\r\nAttached files:\r\n\\\\?\\C:\\WINDOWS\\LiveKernelReports\\WATCHDOG\\WATCHDOG-20260422-0625.dmp\r\n\\\\?\\C:\\WINDOWS\\SystemTemp\\WER-24796796-0.sysdata.xml\r\n\\\\?\\C:\\ProgramData\\Microsoft\\Windows\\WER\\Temp\\WER.84c69bd5-79b1-425b-a136-9c472626543c.tmp.WERInternalMetadata.xml\r\n\\\\?\\C:\\ProgramData\\Microsoft\\Windows\\WER\\Temp\\WER.a4aae68b-86bd-4242-8946-9246de3ac81f.tmp.csv\r\n\\\\?\\C:\\ProgramData\\Microsoft\\Windows\\WER\\Temp\\WER.4ab9c872-9577-4360-9752-768c53acf14a.tmp.txt\r\n\\\\?\\C:\\ProgramData\\Microsoft\\Windows\\WER\\Temp\\WER.f3a527a1-549c-4f42-aec5-d2e5da7dfdf4.tmp.xml\r\n\r\nThese files may be available here:\r\n\\\\?\\C:\\ProgramData\\Microsoft\\Windows\\WER\\ReportQueue\\Kernel_1a8_c3be8430ad9f60eb75f06b62afa7598beb464e3_00000000_eb824c2a-c065-4de1-b2d2-d4b64e59855f\r\n\r\nAnalysis symbol: \r\nRechecking for solution: 0\r\nReport Id: eb824c2a-c065-4de1-b2d2-d4b64e59855f\r\nReport Status: 2051\r\nHashed bucket: \r\nCab Guid: 0\""},"eventdata":{"bucketType":"0","eventName":"LiveKernelEvent","response":"Not available","cabId":"0","p1":"1a8","p2":"1","p3":"0","p4":"0","p5":"0","p6":"10_0_26200","p7":"0_0","p8":"256_1","attachedFiles":"  \\\\\\\\?\\\\C:\\\\WINDOWS\\\\LiveKernelReports\\\\WATCHDOG\\\\WATCHDOG-20260422-0625.dmp  \\\\\\\\?\\\\C:\\\\WINDOWS\\\\SystemTemp\\\\WER-24796796-0.sysdata.xml  \\\\\\\\?\\\\C:\\\\ProgramData\\\\Microsoft\\\\Windows\\\\WER\\\\Temp\\\\WER.84c69bd5-79b1-425b-a136-9c472626543c.tmp.WERInternalMetadata.xml  \\\\\\\\?\\\\C:\\\\ProgramData\\\\Microsoft\\\\Windows\\\\WER\\\\Temp\\\\WER.a4aae68b-86bd-4242-8946-9246de3ac81f.tmp.csv  \\\\\\\\?\\\\C:\\\\ProgramData\\\\Microsoft\\\\Windows\\\\WER\\\\Temp\\\\WER.4ab9c872-9577-4360-9752-768c53acf14a.tmp.txt  \\\\\\\\?\\\\C:\\\\ProgramData\\\\Microsoft\\\\Windows\\\\WER\\\\Temp\\\\WER.f3a527a1-549c-4f42-aec5-d2e5da7dfdf4.tmp.xml","storePath":"\\\\\\\\?\\\\C:\\\\ProgramData\\\\Microsoft\\\\Windows\\\\WER\\\\ReportQueue\\\\Kernel_1a8_c3be8430ad9f60eb75f06b62afa7598beb464e3_00000000_eb824c2a-c065-4de1-b2d2-d4b64e59855f","rechecking":"0","reportId":"eb824c2a-c065-4de1-b2d2-d4b64e59855f","reportStatus":"2051","cabGuid":"0"}}},"location":"EventChannel"}
{"timestamp":"2026-05-02T08:33:13.821+0000","rule":{"level":4,"description":"Summary event of the report's signatures.","id":"60608","firedtimes":2,"mail":false,"groups":["windows","windows_application"]},"agent":{"id":"002","name":"WINDOWS-AGENT","ip":"172.20.10.2"},"manager":{"name":"wale"},"id":"1777710793.104818","decoder":{"name":"windows_eventchannel"},"data":{"win":{"system":{"providerName":"Windows Error Reporting","providerGuid":"{0ead09bd-2157-539a-8d6d-c87f95b64d70}","eventID":"1001","version":"0","level":"4","task":"0","opcode":"0","keywords":"0x8000000000000000","systemTime":"2026-05-02T02:22:16.9422700Z","eventRecordID":"1515","processID":"27060","threadID":"27568","channel":"Application","computer":"Null","severityValue":"INFORMATION","message":"\"Fault bucket , type 0\r\nEvent Name: LiveKernelEvent\r\nResponse: Not available\r\nCab Id: 0\r\n\r\nProblem signature:\r\nP1: 1b8\r\nP2: 1\r\nP3: 0\r\nP4: 0\r\nP5: 0\r\nP6: 10_0_26200\r\nP7: 0_0\r\nP8: 256_1\r\nP9: \r\nP10: \r\n\r\nAttached files:\r\n\\\\?\\C:\\WINDOWS\\LiveKernelReports\\WATCHDOG4400\\WATCHDOG4400-20260422-0625.dmp\r\n\\\\?\\C:\\WINDOWS\\SystemTemp\\WER-24796812-0.sysdata.xml\r\n\\\\?\\C:\\ProgramData\\Microsoft\\Windows\\WER\\Temp\\WER.ee2de923-65d9-43a7-a237-fcd29b662798.tmp.WERInternalMetadata.xml\r\n\\\\?\\C:\\ProgramData\\Microsoft\\Windows\\WER\\Temp\\WER.8a3bd8d2-c221-47b4-b8c4-f1697a5d2946.tmp.csv\r\n\\\\?\\C:\\ProgramData\\Microsoft\\Windows\\WER\\Temp\\WER.86dd606f-7bcb-4a90-afab-c4266d5d621e.tmp.txt\r\n\\\\?\\C:\\ProgramData\\Microsoft\\Windows\\WER\\Temp\\WER.a2992a21-a4d7-43e2-9dd8-218bb2ad0013.tmp.xml\r\n\r\nThese files may be available here:\r\n\\\\?\\C:\\ProgramData\\Microsoft\\Windows\\WER\\ReportQueue\\Kernel_1b8_3266ee9f236733789e644ef694ee92749a13023_00000000_10db1411-5112-4f15-983b-c26e911fd03a\r\n\r\nAnalysis symbol: \r\nRechecking for solution: 0\r\nReport Id: 10db1411-5112-4f15-983b-c26e911fd03a\r\nReport Status: 2051\r\nHashed bucket: \r\nCab Guid: 0\""},"eventdata":{"bucketType":"0","eventName":"LiveKernelEvent","response":"Not available","cabId":"0","p1":"1b8","p2":"1","p3":"0","p4":"0","p5":"0","p6":"10_0_26200","p7":"0_0","p8":"256_1","attachedFiles":"  \\\\\\\\?\\\\C:\\\\WINDOWS\\\\LiveKernelReports\\\\WATCHDOG4400\\\\WATCHDOG4400-20260422-0625.dmp  \\\\\\\\?\\\\C:\\\\WINDOWS\\\\SystemTemp\\\\WER-24796812-0.sysdata.xml  \\\\\\\\?\\\\C:\\\\ProgramData\\\\Microsoft\\\\Windows\\\\WER\\\\Temp\\\\WER.ee2de923-65d9-43a7-a237-fcd29b662798.tmp.WERInternalMetadata.xml  \\\\\\\\?\\\\C:\\\\ProgramData\\\\Microsoft\\\\Windows\\\\WER\\\\Temp\\\\WER.8a3bd8d2-c221-47b4-b8c4-f1697a5d2946.tmp.csv  \\\\\\\\?\\\\C:\\\\ProgramData\\\\Microsoft\\\\Windows\\\\WER\\\\Temp\\\\WER.86dd606f-7bcb-4a90-afab-c4266d5d621e.tmp.txt  \\\\\\\\?\\\\C:\\\\ProgramData\\\\Microsoft\\\\Windows\\\\WER\\\\Temp\\\\WER.a2992a21-a4d7-43e2-9dd8-218bb2ad0013.tmp.xml","storePath":"\\\\\\\\?\\\\C:\\\\ProgramData\\\\Microsoft\\\\Windows\\\\WER\\\\ReportQueue\\\\Kernel_1b8_3266ee9f236733789e644ef694ee92749a13023_00000000_10db1411-5112-4f15-983b-c26e911fd03a","rechecking":"0","reportId":"10db1411-5112-4f15-983b-c26e911fd03a","reportStatus":"2051","cabGuid":"0"}}},"location":"EventChannel"}
{"timestamp":"2026-05-02T08:33:13.823+0000","rule":{"level":4,"description":"Summary event of the report's signatures.","id":"60608","firedtimes":3,"mail":false,"groups":["windows","windows_application"]},"agent":{"id":"002","name":"WINDOWS-AGENT","ip":"172.20.10.2"},"manager":{"name":"wale"},"id":"1777710793.110675","decoder":{"name":"windows_eventchannel"},"data":{"win":{"system":{"providerName":"Windows Error Reporting","providerGuid":"{0ead09bd-2157-539a-8d6d-c87f95b64d70}","eventID":"1001","version":"0","level":"4","task":"0","opcode":"0","keywords":"0x8000000000000000","systemTime":"2026-05-02T02:22:17.3626621Z","eventRecordID":"1516","processID":"27060","threadID":"27568","channel":"Application","computer":"Null","severityValue":"INFORMATION","message":"\"Fault bucket , type 0\r\nEvent Name: LiveKernelEvent\r\nResponse: Not available\r\nCab Id: 0\r\n\r\nProblem signature:\r\nP1: 1a8\r\nP2: a\r\nP3: 0\r\nP4: 0\r\nP5: 0\r\nP6: 10_0_26200\r\nP7: 0_0\r\nP8: 256_1\r\nP9: \r\nP10: \r\n\r\nAttached files:\r\n\\\\?\\C:\\WINDOWS\\LiveKernelReports\\WATCHDOG\\WATCHDOG-20260425-1026.dmp\r\n\\\\?\\C:\\WINDOWS\\SystemTemp\\WER-74920593-0.sysdata.xml\r\n\\\\?\\C:\\ProgramData\\Microsoft\\Windows\\WER\\Temp\\WER.54532a34-13bd-4071-8580-e5038c3e7694.tmp.WERInternalMetadata.xml\r\n\\\\?\\C:\\ProgramData\\Microsoft\\Windows\\WER\\Temp\\WER.24e16632-db16-4ca1-8024-5e2b042c8867.tmp.csv\r\n\\\\?\\C:\\ProgramData\\Microsoft\\Windows\\WER\\Temp\\WER.d6a722e1-cb75-4270-bcf9-ab4dec655a0d.tmp.txt\r\n\\\\?\\C:\\ProgramData\\Microsoft\\Windows\\WER\\Temp\\WER.8c298168-7a74-4cc3-8d26-27676ade8e93.tmp.xml\r\n\r\nThese files may be available here:\r\n\\\\?\\C:\\ProgramData\\Microsoft\\Windows\\WER\\ReportQueue\\Kernel_1a8_9d28cacebfd2e58c9d4bbe18d96b857e6f8d615_00000000_acdb5f44-1360-4b8e-9cf9-45758d45ddaf\r\n\r\nAnalysis symbol: \r\nRechecking for solution: 0\r\nReport Id: acdb5f44-1360-4b8e-9cf9-45758d45ddaf\r\nReport Status: 2051\r\nHashed bucket: \r\nCab Guid: 0\""},"eventdata":{"bucketType":"0","eventName":"LiveKernelEvent","response":"Not available","cabId":"0","p1":"1a8","p2":"a","p3":"0","p4":"0","p5":"0","p6":"10_0_26200","p7":"0_0","p8":"256_1","attachedFiles":"  \\\\\\\\?\\\\C:\\\\WINDOWS\\\\LiveKernelReports\\\\WATCHDOG\\\\WATCHDOG-20260425-1026.dmp  \\\\\\\\?\\\\C:\\\\WINDOWS\\\\SystemTemp\\\\WER-74920593-0.sysdata.xml  \\\\\\\\?\\\\C:\\\\ProgramData\\\\Microsoft\\\\Windows\\\\WER\\\\Temp\\\\WER.54532a34-13bd-4071-8580-e5038c3e7694.tmp.WERInternalMetadata.xml  \\\\\\\\?\\\\C:\\\\ProgramData\\\\Microsoft\\\\Windows\\\\WER\\\\Temp\\\\WER.24e16632-db16-4ca1-8024-5e2b042c8867.tmp.csv  \\\\\\\\?\\\\C:\\\\ProgramData\\\\Microsoft\\\\Windows\\\\WER\\\\Temp\\\\WER.d6a722e1-cb75-4270-bcf9-ab4dec655a0d.tmp.txt  \\\\\\\\?\\\\C:\\\\ProgramData\\\\Microsoft\\\\Windows\\\\WER\\\\Temp\\\\WER.8c298168-7a74-4cc3-8d26-27676ade8e93.tmp.xml","storePath":"\\\\\\\\?\\\\C:\\\\ProgramData\\\\Microsoft\\\\Windows\\\\WER\\\\ReportQueue\\\\Kernel_1a8_9d28cacebfd2e58c9d4bbe18d96b857e6f8d615_00000000_acdb5f44-1360-4b8e-9cf9-45758d45ddaf","rechecking":"0","reportId":"acdb5f44-1360-4b8e-9cf9-45758d45ddaf","reportStatus":"2051","cabGuid":"0"}}},"location":"EventChannel"}
{"timestamp":"2026-05-02T08:33:13.827+0000","rule":{"level":4,"description":"Summary event of the report's signatures.","id":"60608","firedtimes":4,"mail":false,"groups":["windows","windows_application"]},"agent":{"id":"002","name":"WINDOWS-AGENT","ip":"172.20.10.2"},"manager":{"name":"wale"},"id":"1777710793.116500","decoder":{"name":"windows_eventchannel"},"data":{"win":{"system":{"providerName":"Windows Error Reporting","providerGuid":"{0ead09bd-2157-539a-8d6d-c87f95b64d70}","eventID":"1001","version":"0","level":"4","task":"0","opcode":"0","keywords":"0x8000000000000000","systemTime":"2026-05-02T02:22:17.4937370Z","eventRecordID":"1517","processID":"27060","threadID":"27568","channel":"Application","computer":"Null","severityValue":"INFORMATION","message":"\"Fault bucket , type 0\r\nEvent Name: LiveKernelEvent\r\nResponse: Not available\r\nCab Id: 0\r\n\r\nProblem signature:\r\nP1: 15f\r\nP2: 2\r\nP3: ffffd38fd9c0e6d0\r\nP4: ffffffff\r\nP5: ffffd38fcebd1aa0\r\nP6: 10_0_26200\r\nP7: 0_0\r\nP8: 256_1\r\nP9: \r\nP10: \r\n\r\nAttached files:\r\n\\\\?\\C:\\WINDOWS\\LiveKernelReports\\DripsWatchdog\\DripsWatchdog-20260428-1629.dmp\r\n\\\\?\\C:\\WINDOWS\\SystemTemp\\WER-189003671-0.sysdata.xml\r\n\\\\?\\C:\\WINDOWS\\LiveKernelReports\\DripsWatchdog-20260428-1629.dmp\r\n\\\\?\\C:\\ProgramData\\Microsoft\\Windows\\WER\\Temp\\WER.8beac715-62d6-4722-9d35-e1a345c8ba66.tmp.WERInternalMetadata.xml\r\n\\\\?\\C:\\ProgramData\\Microsoft\\Windows\\WER\\Temp\\WER.79f65c29-31b2-4103-b12b-4548c3f9007c.tmp.csv\r\n\\\\?\\C:\\ProgramData\\Microsoft\\Windows\\WER\\Temp\\WER.6ac97283-d9f1-4373-8792-97e2bcf5f015.tmp.txt\r\n\\\\?\\C:\\ProgramData\\Microsoft\\Windows\\WER\\Temp\\WER.5df93298-188c-4a09-8498-183d01908dd9.tmp.xml\r\n\r\nThese files may be available here:\r\n\\\\?\\C:\\ProgramData\\Microsoft\\Windows\\WER\\ReportQueue\\Kernel_15f_d3a28232e315e0c44f6110f8c072817803b444_00000000_501c3ee6-6f55-486a-8791-8185a9e5b8b2\r\n\r\nAnalysis symbol: \r\nRechecking for solution: 0\r\nReport Id: 501c3ee6-6f55-486a-8791-8185a9e5b8b2\r\nReport Status: 2051\r\nHashed bucket: \r\nCab Guid: 0\""},"eventdata":{"bucketType":"0","eventName":"LiveKernelEvent","response":"Not available","cabId":"0","p1":"15f","p2":"2","p3":"ffffd38fd9c0e6d0","p4":"ffffffff","p5":"ffffd38fcebd1aa0","p6":"10_0_26200","p7":"0_0","p8":"256_1","attachedFiles":"  \\\\\\\\?\\\\C:\\\\WINDOWS\\\\LiveKernelReports\\\\DripsWatchdog\\\\DripsWatchdog-20260428-1629.dmp  \\\\\\\\?\\\\C:\\\\WINDOWS\\\\SystemTemp\\\\WER-189003671-0.sysdata.xml  \\\\\\\\?\\\\C:\\\\WINDOWS\\\\LiveKernelReports\\\\DripsWatchdog-20260428-1629.dmp  \\\\\\\\?\\\\C:\\\\ProgramData\\\\Microsoft\\\\Windows\\\\WER\\\\Temp\\\\WER.8beac715-62d6-4722-9d35-e1a345c8ba66.tmp.WERInternalMetadata.xml  \\\\\\\\?\\\\C:\\\\ProgramData\\\\Microsoft\\\\Windows\\\\WER\\\\Temp\\\\WER.79f65c29-31b2-4103-b12b-4548c3f9007c.tmp.csv  \\\\\\\\?\\\\C:\\\\ProgramData\\\\Microsoft\\\\Windows\\\\WER\\\\Temp\\\\WER.6ac97283-d9f1-4373-8792-97e2bcf5f015.tmp.txt  \\\\\\\\?\\\\C:\\\\ProgramData\\\\Microsoft\\\\Windows\\\\WER\\\\Temp\\\\WER.5df93298-188c-4a09-8498-183d01908dd9.tmp.xml","storePath":"\\\\\\\\?\\\\C:\\\\ProgramData\\\\Microsoft\\\\Windows\\\\WER\\\\ReportQueue\\\\Kernel_15f_d3a28232e315e0c44f6110f8c072817803b444_00000000_501c3ee6-6f55-486a-8791-8185a9e5b8b2","rechecking":"0","reportId":"501c3ee6-6f55-486a-8791-8185a9e5b8b2","reportStatus":"2051","cabGuid":"0"}}},"location":"EventChannel"}
{"timestamp":"2026-05-02T08:33:13.847+0000","rule":{"level":4,"description":"Summary event of the report's signatures.","id":"60608","firedtimes":5,"mail":false,"groups":["windows","windows_application"]},"agent":{"id":"002","name":"WINDOWS-AGENT","ip":"172.20.10.2"},"manager":{"name":"wale"},"id":"1777710793.122809","decoder":{"name":"windows_eventchannel"},"data":{"win":{"system":{"providerName":"Windows Error Reporting","providerGuid":"{0ead09bd-2157-539a-8d6d-c87f95b64d70}","eventID":"1001","version":"0","level":"4","task":"0","opcode":"0","keywords":"0x8000000000000000","systemTime":"2026-05-02T08:28:48.1990094Z","eventRecordID":"1525","processID":"15812","threadID":"25952","channel":"Application","computer":"Null","severityValue":"INFORMATION","message":"\"Fault bucket , type 0\r\nEvent Name: LiveKernelEvent\r\nResponse: Not available\r\nCab Id: 0\r\n\r\nProblem signature:\r\nP1: 1a8\r\nP2: 1\r\nP3: 0\r\nP4: 0\r\nP5: 0\r\nP6: 10_0_26200\r\nP7: 0_0\r\nP8: 256_1\r\nP9: \r\nP10: \r\n\r\nAttached files:\r\n\\\\?\\C:\\WINDOWS\\LiveKernelReports\\WATCHDOG\\WATCHDOG-20260422-0625.dmp\r\n\\\\?\\C:\\WINDOWS\\SystemTemp\\WER-24796796-0.sysdata.xml\r\n\\\\?\\C:\\ProgramData\\Microsoft\\Windows\\WER\\Temp\\WER.84c69bd5-79b1-425b-a136-9c472626543c.tmp.WERInternalMetadata.xml\r\n\\\\?\\C:\\ProgramData\\Microsoft\\Windows\\WER\\Temp\\WER.a4aae68b-86bd-4242-8946-9246de3ac81f.tmp.csv\r\n\\\\?\\C:\\ProgramData\\Microsoft\\Windows\\WER\\Temp\\WER.4ab9c872-9577-4360-9752-768c53acf14a.tmp.txt\r\n\\\\?\\C:\\ProgramData\\Microsoft\\Windows\\WER\\Temp\\WER.f3a527a1-549c-4f42-aec5-d2e5da7dfdf4.tmp.xml\r\n\r\nThese files may be available here:\r\n\\\\?\\C:\\ProgramData\\Microsoft\\Windows\\WER\\ReportQueue\\Kernel_1a8_c3be8430ad9f60eb75f06b62afa7598beb464e3_00000000_eb824c2a-c065-4de1-b2d2-d4b64e59855f\r\n\r\nAnalysis symbol: \r\nRechecking for solution: 0\r\nReport Id: eb824c2a-c065-4de1-b2d2-d4b64e59855f\r\nReport Status: 2051\r\nHashed bucket: \r\nCab Guid: 0\""},"eventdata":{"bucketType":"0","eventName":"LiveKernelEvent","response":"Not available","cabId":"0","p1":"1a8","p2":"1","p3":"0","p4":"0","p5":"0","p6":"10_0_26200","p7":"0_0","p8":"256_1","attachedFiles":"  \\\\\\\\?\\\\C:\\\\WINDOWS\\\\LiveKernelReports\\\\WATCHDOG\\\\WATCHDOG-20260422-0625.dmp  \\\\\\\\?\\\\C:\\\\WINDOWS\\\\SystemTemp\\\\WER-24796796-0.sysdata.xml  \\\\\\\\?\\\\C:\\\\ProgramData\\\\Microsoft\\\\Windows\\\\WER\\\\Temp\\\\WER.84c69bd5-79b1-425b-a136-9c472626543c.tmp.WERInternalMetadata.xml  \\\\\\\\?\\\\C:\\\\ProgramData\\\\Microsoft\\\\Windows\\\\WER\\\\Temp\\\\WER.a4aae68b-86bd-4242-8946-9246de3ac81f.tmp.csv  \\\\\\\\?\\\\C:\\\\ProgramData\\\\Microsoft\\\\Windows\\\\WER\\\\Temp\\\\WER.4ab9c872-9577-4360-9752-768c53acf14a.tmp.txt  \\\\\\\\?\\\\C:\\\\ProgramData\\\\Microsoft\\\\Windows\\\\WER\\\\Temp\\\\WER.f3a527a1-549c-4f42-aec5-d2e5da7dfdf4.tmp.xml","storePath":"\\\\\\\\?\\\\C:\\\\ProgramData\\\\Microsoft\\\\Windows\\\\WER\\\\ReportQueue\\\\Kernel_1a8_c3be8430ad9f60eb75f06b62afa7598beb464e3_00000000_eb824c2a-c065-4de1-b2d2-d4b64e59855f","rechecking":"0","reportId":"eb824c2a-c065-4de1-b2d2-d4b64e59855f","reportStatus":"2051","cabGuid":"0"}}},"location":"EventChannel"}
{"timestamp":"2026-05-02T08:33:13.848+0000","rule":{"level":4,"description":"Summary event of the report's signatures.","id":"60608","firedtimes":6,"mail":false,"groups":["windows","windows_application"]},"agent":{"id":"002","name":"WINDOWS-AGENT","ip":"172.20.10.2"},"manager":{"name":"wale"},"id":"1777710793.128634","decoder":{"name":"windows_eventchannel"},"data":{"win":{"system":{"providerName":"Windows Error Reporting","providerGuid":"{0ead09bd-2157-539a-8d6d-c87f95b64d70}","eventID":"1001","version":"0","level":"4","task":"0","opcode":"0","keywords":"0x8000000000000000","systemTime":"2026-05-02T08:28:48.2423834Z","eventRecordID":"1526","processID":"15812","threadID":"25952","channel":"Application","computer":"Null","severityValue":"INFORMATION","message":"\"Fault bucket , type 0\r\nEvent Name: LiveKernelEvent\r\nResponse: Not available\r\nCab Id: 0\r\n\r\nProblem signature:\r\nP1: 1b8\r\nP2: 1\r\nP3: 0\r\nP4: 0\r\nP5: 0\r\nP6: 10_0_26200\r\nP7: 0_0\r\nP8: 256_1\r\nP9: \r\nP10: \r\n\r\nAttached files:\r\n\\\\?\\C:\\WINDOWS\\LiveKernelReports\\WATCHDOG4400\\WATCHDOG4400-20260422-0625.dmp\r\n\\\\?\\C:\\WINDOWS\\SystemTemp\\WER-24796812-0.sysdata.xml\r\n\\\\?\\C:\\ProgramData\\Microsoft\\Windows\\WER\\Temp\\WER.ee2de923-65d9-43a7-a237-fcd29b662798.tmp.WERInternalMetadata.xml\r\n\\\\?\\C:\\ProgramData\\Microsoft\\Windows\\WER\\Temp\\WER.8a3bd8d2-c221-47b4-b8c4-f1697a5d2946.tmp.csv\r\n\\\\?\\C:\\ProgramData\\Microsoft\\Windows\\WER\\Temp\\WER.86dd606f-7bcb-4a90-afab-c4266d5d621e.tmp.txt\r\n\\\\?\\C:\\ProgramData\\Microsoft\\Windows\\WER\\Temp\\WER.a2992a21-a4d7-43e2-9dd8-218bb2ad0013.tmp.xml\r\n\r\nThese files may be available here:\r\n\\\\?\\C:\\ProgramData\\Microsoft\\Windows\\WER\\ReportQueue\\Kernel_1b8_3266ee9f236733789e644ef694ee92749a13023_00000000_10db1411-5112-4f15-983b-c26e911fd03a\r\n\r\nAnalysis symbol: \r\nRechecking for solution: 0\r\nReport Id: 10db1411-5112-4f15-983b-c26e911fd03a\r\nReport Status: 2051\r\nHashed bucket: \r\nCab Guid: 0\""},"eventdata":{"bucketType":"0","eventName":"LiveKernelEvent","response":"Not available","cabId":"0","p1":"1b8","p2":"1","p3":"0","p4":"0","p5":"0","p6":"10_0_26200","p7":"0_0","p8":"256_1","attachedFiles":"  \\\\\\\\?\\\\C:\\\\WINDOWS\\\\LiveKernelReports\\\\WATCHDOG4400\\\\WATCHDOG4400-20260422-0625.dmp  \\\\\\\\?\\\\C:\\\\WINDOWS\\\\SystemTemp\\\\WER-24796812-0.sysdata.xml  \\\\\\\\?\\\\C:\\\\ProgramData\\\\Microsoft\\\\Windows\\\\WER\\\\Temp\\\\WER.ee2de923-65d9-43a7-a237-fcd29b662798.tmp.WERInternalMetadata.xml  \\\\\\\\?\\\\C:\\\\ProgramData\\\\Microsoft\\\\Windows\\\\WER\\\\Temp\\\\WER.8a3bd8d2-c221-47b4-b8c4-f1697a5d2946.tmp.csv  \\\\\\\\?\\\\C:\\\\ProgramData\\\\Microsoft\\\\Windows\\\\WER\\\\Temp\\\\WER.86dd606f-7bcb-4a90-afab-c4266d5d621e.tmp.txt  \\\\\\\\?\\\\C:\\\\ProgramData\\\\Microsoft\\\\Windows\\\\WER\\\\Temp\\\\WER.a2992a21-a4d7-43e2-9dd8-218bb2ad0013.tmp.xml","storePath":"\\\\\\\\?\\\\C:\\\\ProgramData\\\\Microsoft\\\\Windows\\\\WER\\\\ReportQueue\\\\Kernel_1b8_3266ee9f236733789e644ef694ee92749a13023_00000000_10db1411-5112-4f15-983b-c26e911fd03a","rechecking":"0","reportId":"10db1411-5112-4f15-983b-c26e911fd03a","reportStatus":"2051","cabGuid":"0"}}},"location":"EventChannel"}
